2022-04-04 01:32:30 [::1][-][une7tgh2a84lqekfestni23d75][error][yii\base\ErrorException:8] yii\base\ErrorException: Trying to get property 'Employee No_' of non-object in C:\inetpub\wwwroot\KEMRI-PHASE-II\frontend\views\grievance\view.php:52
Stack trace:
#0 C:\inetpub\wwwroot\KEMRI-PHASE-II\frontend\views\grievance\view.php(52): yii\base\ErrorHandler->handleError()
#1 C:\inetpub\wwwroot\KEMRI-PHASE-II\vendor\yiisoft\yii2\base\View.php(348): require('C:\\inetpub\\wwwr...')
#2 C:\inetpub\wwwroot\KEMRI-PHASE-II\vendor\yiisoft\yii2\base\View.php(257): yii\base\View->renderPhpFile()
#3 C:\inetpub\wwwroot\KEMRI-PHASE-II\vendor\yiisoft\yii2\base\View.php(156): yii\base\View->renderFile()
#4 C:\inetpub\wwwroot\KEMRI-PHASE-II\vendor\yiisoft\yii2\base\Controller.php(410): yii\base\View->render()
#5 C:\inetpub\wwwroot\KEMRI-PHASE-II\frontend\controllers\grievanceController.php(196): yii\base\Controller->render()
#6 [internal function]: frontend\controllers\GrievanceController->actionView()
#7 C:\inetpub\wwwroot\KEMRI-PHASE-II\vendor\yiisoft\yii2\base\InlineAction.php(57): call_user_func_array()
#8 C:\inetpub\wwwroot\KEMRI-PHASE-II\vendor\yiisoft\yii2\base\Controller.php(181): yii\base\InlineAction->runWithParams()
#9 C:\inetpub\wwwroot\KEMRI-PHASE-II\vendor\yiisoft\yii2\base\Module.php(534): yii\base\Controller->runAction()
#10 C:\inetpub\wwwroot\KEMRI-PHASE-II\vendor\yiisoft\yii2\web\Application.php(104): yii\base\Module->runAction()
#11 C:\inetpub\wwwroot\KEMRI-PHASE-II\vendor\yiisoft\yii2\base\Application.php(392): yii\web\Application->handleRequest()
#12 C:\inetpub\wwwroot\KEMRI-PHASE-II\frontend\web\index.php(17): yii\base\Application->run()
#13 {main}
2022-04-04 01:32:23 [::1][-][une7tgh2a84lqekfestni23d75][info][application] $_GET = [
    'Key' => '32;hOoAAAJ7/0cAUgBWADAAMAAwADEANA==8;148520400;'
]

$_POST = []

$_FILES = []

$_COOKIE = [
    'PHPSESSID' => 's259g7es10ivjqpsm7rl3mmfpt'
    '_csrf' => 'e93c018422681712f17c93aa023aa542241078cbfae2862430d5f0aad0d8f2a6a:2:{i:0;s:5:\"_csrf\";i:1;s:32:\"KPAt49exymBOWme7_ybuEF0RtwYsYCIj\";}'
    'advanced-frontend' => 'une7tgh2a84lqekfestni23d75'
    '_csrf-frontend' => '62caa6c92f5a755447cb6098563133f9a748952b6e61457e9c4966f63887736da:2:{i:0;s:14:\"_csrf-frontend\";i:1;s:32:\"lt_0CkCW04NsjkDdK0pLU9zJHw_rDdfp\";}'
]

$_SESSION = [
    '__flash' => []
]

$_SERVER = [
    '_FCGI_X_PIPE_' => '\\\\.\\pipe\\IISFCGI-af9bdcf7-a9a0-41db-b367-a4d3c89fb25d'
    'ALLUSERSPROFILE' => 'C:\\ProgramData'
    'APPDATA' => 'C:\\Windows\\system32\\config\\systemprofile\\AppData\\Roaming'
    'APP_POOL_CONFIG' => 'C:\\inetpub\\temp\\apppools\\UAT\\UAT.config'
    'APP_POOL_ID' => 'UAT'
    'CommonProgramFiles' => 'C:\\Program Files\\Common Files'
    'CommonProgramFiles(x86)' => 'C:\\Program Files (x86)\\Common Files'
    'CommonProgramW6432' => 'C:\\Program Files\\Common Files'
    'COMPUTERNAME' => 'KEKLF-HRM52'
    'ComSpec' => 'C:\\Windows\\system32\\cmd.exe'
    'DriverData' => 'C:\\Windows\\System32\\Drivers\\DriverData'
    'LOCALAPPDATA' => 'C:\\Windows\\system32\\config\\systemprofile\\AppData\\Local'
    'NUMBER_OF_PROCESSORS' => '4'
    'OS' => 'Windows_NT'
    'Path' => 'C:\\Windows\\system32;C:\\Windows;C:\\Windows\\System32\\Wbem;C:\\Windows\\System32\\WindowsPowerShell\\v1.0\\;C:\\Windows\\System32\\OpenSSH\\;C:\\Program Files\\Microsoft SQL Server\\Client SDK\\ODBC\\130\\Tools\\Binn\\;C:\\Program Files (x86)\\Microsoft SQL Server\\130\\Tools\\Binn\\;C:\\Program Files\\Microsoft SQL Server\\130\\Tools\\Binn\\;C:\\Program Files\\Microsoft SQL Server\\130\\DTS\\Binn\\;C:\\Program Files\\dotnet\\;C:\\Program Files (x86)\\dotnet\\;C:\\php-7.4;C:\\composer;C:\\Program Files\\Git\\cmd;C:\\Program Files\\Microsoft\\Web Platform Installer\\;C:\\Program Files (x86)\\GnuWin32\\bin;C:\\Program Files\\nodejs\\;C:\\Windows\\system32\\config\\systemprofile\\AppData\\Local\\Microsoft\\WindowsApps'
    'PATHEXT' => '.COM;.EXE;.BAT;.CMD;.VBS;.VBE;.JS;.JSE;.WSF;.WSH;.MSC'
    'PROCESSOR_ARCHITECTURE' => 'AMD64'
    'PROCESSOR_IDENTIFIER' => 'Intel64 Family 6 Model 62 Stepping 4, GenuineIntel'
    'PROCESSOR_LEVEL' => '6'
    'PROCESSOR_REVISION' => '3e04'
    'ProgramData' => 'C:\\ProgramData'
    'ProgramFiles' => 'C:\\Program Files'
    'ProgramFiles(x86)' => 'C:\\Program Files (x86)'
    'ProgramW6432' => 'C:\\Program Files'
    'PSModulePath' => 'C:\\Program Files\\WindowsPowerShell\\Modules;C:\\Windows\\system32\\WindowsPowerShell\\v1.0\\Modules;C:\\Program Files (x86)\\Microsoft SQL Server\\130\\Tools\\PowerShell\\Modules\\;C:\\Program Files\\Microsoft Dynamics 365 Business Central\\140\\Web Client\\Modules'
    'PUBLIC' => 'C:\\Users\\Public'
    'SystemDrive' => 'C:'
    'SystemRoot' => 'C:\\Windows'
    'TEMP' => 'C:\\Windows\\TEMP'
    'TMP' => 'C:\\Windows\\TEMP'
    'UATDATA' => 'C:\\Windows\\CCM\\UATData\\D9F8C395-CAB8-491d-B8AC-179A1FE1BE77'
    'USERDOMAIN' => 'KWTRP'
    'USERNAME' => 'KEKLF-HRM52$'
    'USERPROFILE' => 'C:\\Windows\\system32\\config\\systemprofile'
    'windir' => 'C:\\Windows'
    'ORIG_PATH_INFO' => '/index.php'
    'URL' => '/index.php'
    'SERVER_SOFTWARE' => 'Microsoft-IIS/10.0'
    'SERVER_PROTOCOL' => 'HTTP/1.1'
    'SERVER_PORT_SECURE' => '0'
    'SERVER_PORT' => '80'
    'SERVER_NAME' => 'localhost'
    'SCRIPT_NAME' => '/index.php'
    'SCRIPT_FILENAME' => 'C:\\inetpub\\wwwroot\\KEMRI-PHASE-II\\frontend\\web\\index.php'
    'REQUEST_URI' => '/grievance/view?Key=32%3BhOoAAAJ7%2F0cAUgBWADAAMAAwADEANA%3D%3D8%3B148520400%3B'
    'REQUEST_METHOD' => 'GET'
    'REMOTE_USER' => ''
    'REMOTE_PORT' => '53747'
    'REMOTE_HOST' => '::1'
    'REMOTE_ADDR' => '::1'
    'QUERY_STRING' => 'Key=32%3BhOoAAAJ7%2F0cAUgBWADAAMAAwADEANA%3D%3D8%3B148520400%3B'
    'PATH_TRANSLATED' => 'C:\\inetpub\\wwwroot\\KEMRI-PHASE-II\\frontend\\web\\index.php'
    'LOGON_USER' => ''
    'LOCAL_ADDR' => '::1'
    'INSTANCE_META_PATH' => '/LM/W3SVC/4'
    'INSTANCE_NAME' => 'UAT'
    'INSTANCE_ID' => '4'
    'HTTPS_SERVER_SUBJECT' => ''
    'HTTPS_SERVER_ISSUER' => ''
    'HTTPS_SECRETKEYSIZE' => ''
    'HTTPS_KEYSIZE' => ''
    'HTTPS' => 'off'
    'GATEWAY_INTERFACE' => 'CGI/1.1'
    'DOCUMENT_ROOT' => 'C:\\inetpub\\wwwroot\\KEMRI-PHASE-II\\frontend\\web'
    'CONTENT_TYPE' => ''
    'CONTENT_LENGTH' => '0'
    'CERT_SUBJECT' => ''
    'CERT_SERIALNUMBER' => ''
    'CERT_ISSUER' => ''
    'CERT_FLAGS' => ''
    'CERT_COOKIE' => ''
    'AUTH_USER' => ''
    'AUTH_PASSWORD' => ''
    'AUTH_TYPE' => ''
    'APPL_PHYSICAL_PATH' => 'C:\\inetpub\\wwwroot\\KEMRI-PHASE-II\\frontend\\web\\'
    'APPL_MD_PATH' => '/LM/W3SVC/4/ROOT'
    'IIS_UrlRewriteModule' => '7.1.1952.0'
    'WEBSOCKET_VERSION' => '13'
    'UNENCODED_URL' => '/grievance/view?Key=32%3BhOoAAAJ7%2F0cAUgBWADAAMAAwADEANA%3D%3D8%3B148520400%3B'
    'IIS_WasUrlRewritten' => '1'
    'HTTP_X_ORIGINAL_URL' => '/grievance/view?Key=32%3BhOoAAAJ7%2F0cAUgBWADAAMAAwADEANA%3D%3D8%3B148520400%3B'
    'HTTP_SEC_FETCH_DEST' => 'document'
    'HTTP_SEC_FETCH_USER' => '?1'
    'HTTP_SEC_FETCH_MODE' => 'navigate'
    'HTTP_SEC_FETCH_SITE' => 'same-origin'
    'HTTP_SEC_GPC' => '1'
    'HTTP_UPGRADE_INSECURE_REQUESTS' => '1'
    'HTTP_USER_AGENT' => 'Mozilla/5.0 (Windows NT 10.0; Win64; x64) AppleWebKit/537.36 (KHTML, like Gecko) Chrome/98.0.4758.102 Safari/537.36'
    'HTTP_REFERER' => 'http://localhost/grievance'
    'HTTP_HOST' => 'localhost'
    'HTTP_COOKIE' => 'PHPSESSID=s259g7es10ivjqpsm7rl3mmfpt; _csrf=e93c018422681712f17c93aa023aa542241078cbfae2862430d5f0aad0d8f2a6a%3A2%3A%7Bi%3A0%3Bs%3A5%3A%22_csrf%22%3Bi%3A1%3Bs%3A32%3A%22KPAt49exymBOWme7_ybuEF0RtwYsYCIj%22%3B%7D; advanced-frontend=une7tgh2a84lqekfestni23d75; _csrf-frontend=62caa6c92f5a755447cb6098563133f9a748952b6e61457e9c4966f63887736da%3A2%3A%7Bi%3A0%3Bs%3A14%3A%22_csrf-frontend%22%3Bi%3A1%3Bs%3A32%3A%22lt_0CkCW04NsjkDdK0pLU9zJHw_rDdfp%22%3B%7D'
    'HTTP_ACCEPT_LANGUAGE' => 'en-US,en;q=0.9'
    'HTTP_ACCEPT_ENCODING' => 'gzip, deflate, br'
    'HTTP_ACCEPT' => 'text/html,application/xhtml+xml,application/xml;q=0.9,image/avif,image/webp,image/apng,*/*;q=0.8,application/signed-exchange;v=b3;q=0.9'
    'HTTP_CONTENT_LENGTH' => '0'
    'HTTP_CONNECTION' => 'keep-alive'
    'HTTP_CACHE_CONTROL' => 'max-age=0'
    'FCGI_ROLE' => 'RESPONDER'
    'PHP_SELF' => '/index.php'
    'REQUEST_TIME_FLOAT' => 1649035941.4787
    'REQUEST_TIME' => 1649035941
    'NAV_USERNAME' => 'SVC-HRMISADMIN'
    'NAV_PASSWORD' => 'j$8f!M9X(Wv2ZJ/='
    'NAV_SERVER' => 'keklf-hrm52'
    'WS_PORT' => '7047'
    'NAV_INSTANCE' => 'BC140'
    'NAV_COMPANY' => 'KWTRP%20LIVE'
    'NAV_DB_PREFIX' => 'KWTRP LIVE$'
    'FMS_SERVER' => 'keklf-fin05.kwtrp.org'
    'FMS_WS_PORT' => '7047'
    'FMS_INSTANCE' => 'FmsLIVE'
    'FMS_COMPANY' => 'KEMRI%20Wellcome%20Trust'
    'AD_PREFIX' => 'KWTRP'
    'AD_SERVER' => 'KEKLF-ADS03'
    'GENRAL_TITLE' => 'Employee - Self Service'
    'WELCOME_TEXT' => 'KEMRI WELLCOME TRUST ESS - DEV'
    'CLIENT_COMPANY' => 'KEMRI WELLCOME TRUST'
    'DEMO_COMPANY' => 'IANSOFT LTD'
    'VENDOR_COMPANY' => 'IANSOFT TECHNOLOGIES LTD'
    'POWERED' => 'Iansoft Ltd'
    'DB_INSTANCE' => 'KEKLF-SQL55\\POWERPIVOT'
    'DB_NAME' => 'KEMRI_HRMIS_UAT'
    'DB_USER' => 'ess'
    'DB_PWD' => 'ess123'
]
2022-04-04 01:34:33 [::1][KWTRP\SVC-HRMCN03][je2hjdctp8ngli7udcnncs584q][error][yii\base\UnknownPropertyException] yii\base\UnknownPropertyException: Setting unknown property: frontend\models\Grievance::isNewRecord in C:\inetpub\wwwroot\KEMRI-PHASE-II\vendor\yiisoft\yii2\base\Component.php:210
Stack trace:
#0 C:\inetpub\wwwroot\KEMRI-PHASE-II\frontend\controllers\grievanceController.php(114): yii\base\Component->__set()
#1 [internal function]: frontend\controllers\GrievanceController->actionUpdate()
#2 C:\inetpub\wwwroot\KEMRI-PHASE-II\vendor\yiisoft\yii2\base\InlineAction.php(57): call_user_func_array()
#3 C:\inetpub\wwwroot\KEMRI-PHASE-II\vendor\yiisoft\yii2\base\Controller.php(181): yii\base\InlineAction->runWithParams()
#4 C:\inetpub\wwwroot\KEMRI-PHASE-II\vendor\yiisoft\yii2\base\Module.php(534): yii\base\Controller->runAction()
#5 C:\inetpub\wwwroot\KEMRI-PHASE-II\vendor\yiisoft\yii2\web\Application.php(104): yii\base\Module->runAction()
#6 C:\inetpub\wwwroot\KEMRI-PHASE-II\vendor\yiisoft\yii2\base\Application.php(392): yii\web\Application->handleRequest()
#7 C:\inetpub\wwwroot\KEMRI-PHASE-II\frontend\web\index.php(17): yii\base\Application->run()
#8 {main}
2022-04-04 01:34:33 [::1][KWTRP\SVC-HRMCN03][je2hjdctp8ngli7udcnncs584q][info][application] $_GET = [
    'Key' => '32;hOoAAAJ7/0cAUgBWADAAMAAwADEANA==8;148520400;'
]

$_POST = []

$_FILES = []

$_COOKIE = [
    'PHPSESSID' => 's259g7es10ivjqpsm7rl3mmfpt'
    '_csrf' => 'e93c018422681712f17c93aa023aa542241078cbfae2862430d5f0aad0d8f2a6a:2:{i:0;s:5:\"_csrf\";i:1;s:32:\"KPAt49exymBOWme7_ybuEF0RtwYsYCIj\";}'
    'advanced-frontend' => 'je2hjdctp8ngli7udcnncs584q'
    '_csrf-frontend' => '43382ed61b0b244fe70f95b80ce1f6f4f127a6d43df84a5f22925ca7e2135db9a:2:{i:0;s:14:\"_csrf-frontend\";i:1;s:32:\"6t5qpkUwKHo5k-ZC-Zir9eYpuJoGUq6e\";}'
]

$_SESSION = [
    '__flash' => []
    '__returnUrl' => 'http://localhost/grievance/view?Key=32%3BhOoAAAJ7%2F0cAUgBWADAAMAAwADEANA%3D%3D8%3B148520400%3B'
    'IdentityPassword' => '@francis123'
    '__id' => 'KWTRP\\SVC-HRMCN03'
    '__expire' => 1649039673
]

$_SERVER = [
    '_FCGI_X_PIPE_' => '\\\\.\\pipe\\IISFCGI-af9bdcf7-a9a0-41db-b367-a4d3c89fb25d'
    'ALLUSERSPROFILE' => 'C:\\ProgramData'
    'APPDATA' => 'C:\\Windows\\system32\\config\\systemprofile\\AppData\\Roaming'
    'APP_POOL_CONFIG' => 'C:\\inetpub\\temp\\apppools\\UAT\\UAT.config'
    'APP_POOL_ID' => 'UAT'
    'CommonProgramFiles' => 'C:\\Program Files\\Common Files'
    'CommonProgramFiles(x86)' => 'C:\\Program Files (x86)\\Common Files'
    'CommonProgramW6432' => 'C:\\Program Files\\Common Files'
    'COMPUTERNAME' => 'KEKLF-HRM52'
    'ComSpec' => 'C:\\Windows\\system32\\cmd.exe'
    'DriverData' => 'C:\\Windows\\System32\\Drivers\\DriverData'
    'LOCALAPPDATA' => 'C:\\Windows\\system32\\config\\systemprofile\\AppData\\Local'
    'NUMBER_OF_PROCESSORS' => '4'
    'OS' => 'Windows_NT'
    'Path' => 'C:\\Windows\\system32;C:\\Windows;C:\\Windows\\System32\\Wbem;C:\\Windows\\System32\\WindowsPowerShell\\v1.0\\;C:\\Windows\\System32\\OpenSSH\\;C:\\Program Files\\Microsoft SQL Server\\Client SDK\\ODBC\\130\\Tools\\Binn\\;C:\\Program Files (x86)\\Microsoft SQL Server\\130\\Tools\\Binn\\;C:\\Program Files\\Microsoft SQL Server\\130\\Tools\\Binn\\;C:\\Program Files\\Microsoft SQL Server\\130\\DTS\\Binn\\;C:\\Program Files\\dotnet\\;C:\\Program Files (x86)\\dotnet\\;C:\\php-7.4;C:\\composer;C:\\Program Files\\Git\\cmd;C:\\Program Files\\Microsoft\\Web Platform Installer\\;C:\\Program Files (x86)\\GnuWin32\\bin;C:\\Program Files\\nodejs\\;C:\\Windows\\system32\\config\\systemprofile\\AppData\\Local\\Microsoft\\WindowsApps'
    'PATHEXT' => '.COM;.EXE;.BAT;.CMD;.VBS;.VBE;.JS;.JSE;.WSF;.WSH;.MSC'
    'PROCESSOR_ARCHITECTURE' => 'AMD64'
    'PROCESSOR_IDENTIFIER' => 'Intel64 Family 6 Model 62 Stepping 4, GenuineIntel'
    'PROCESSOR_LEVEL' => '6'
    'PROCESSOR_REVISION' => '3e04'
    'ProgramData' => 'C:\\ProgramData'
    'ProgramFiles' => 'C:\\Program Files'
    'ProgramFiles(x86)' => 'C:\\Program Files (x86)'
    'ProgramW6432' => 'C:\\Program Files'
    'PSModulePath' => 'C:\\Program Files\\WindowsPowerShell\\Modules;C:\\Windows\\system32\\WindowsPowerShell\\v1.0\\Modules;C:\\Program Files (x86)\\Microsoft SQL Server\\130\\Tools\\PowerShell\\Modules\\;C:\\Program Files\\Microsoft Dynamics 365 Business Central\\140\\Web Client\\Modules'
    'PUBLIC' => 'C:\\Users\\Public'
    'SystemDrive' => 'C:'
    'SystemRoot' => 'C:\\Windows'
    'TEMP' => 'C:\\Windows\\TEMP'
    'TMP' => 'C:\\Windows\\TEMP'
    'UATDATA' => 'C:\\Windows\\CCM\\UATData\\D9F8C395-CAB8-491d-B8AC-179A1FE1BE77'
    'USERDOMAIN' => 'KWTRP'
    'USERNAME' => 'KEKLF-HRM52$'
    'USERPROFILE' => 'C:\\Windows\\system32\\config\\systemprofile'
    'windir' => 'C:\\Windows'
    'ORIG_PATH_INFO' => '/index.php'
    'URL' => '/index.php'
    'SERVER_SOFTWARE' => 'Microsoft-IIS/10.0'
    'SERVER_PROTOCOL' => 'HTTP/1.1'
    'SERVER_PORT_SECURE' => '0'
    'SERVER_PORT' => '80'
    'SERVER_NAME' => 'localhost'
    'SCRIPT_NAME' => '/index.php'
    'SCRIPT_FILENAME' => 'C:\\inetpub\\wwwroot\\KEMRI-PHASE-II\\frontend\\web\\index.php'
    'REQUEST_URI' => '/grievance/update?Key=32%3BhOoAAAJ7%2F0cAUgBWADAAMAAwADEANA%3D%3D8%3B148520400%3B'
    'REQUEST_METHOD' => 'GET'
    'REMOTE_USER' => ''
    'REMOTE_PORT' => '53828'
    'REMOTE_HOST' => '::1'
    'REMOTE_ADDR' => '::1'
    'QUERY_STRING' => 'Key=32%3BhOoAAAJ7%2F0cAUgBWADAAMAAwADEANA%3D%3D8%3B148520400%3B'
    'PATH_TRANSLATED' => 'C:\\inetpub\\wwwroot\\KEMRI-PHASE-II\\frontend\\web\\index.php'
    'LOGON_USER' => ''
    'LOCAL_ADDR' => '::1'
    'INSTANCE_META_PATH' => '/LM/W3SVC/4'
    'INSTANCE_NAME' => 'UAT'
    'INSTANCE_ID' => '4'
    'HTTPS_SERVER_SUBJECT' => ''
    'HTTPS_SERVER_ISSUER' => ''
    'HTTPS_SECRETKEYSIZE' => ''
    'HTTPS_KEYSIZE' => ''
    'HTTPS' => 'off'
    'GATEWAY_INTERFACE' => 'CGI/1.1'
    'DOCUMENT_ROOT' => 'C:\\inetpub\\wwwroot\\KEMRI-PHASE-II\\frontend\\web'
    'CONTENT_TYPE' => ''
    'CONTENT_LENGTH' => '0'
    'CERT_SUBJECT' => ''
    'CERT_SERIALNUMBER' => ''
    'CERT_ISSUER' => ''
    'CERT_FLAGS' => ''
    'CERT_COOKIE' => ''
    'AUTH_USER' => ''
    'AUTH_PASSWORD' => ''
    'AUTH_TYPE' => ''
    'APPL_PHYSICAL_PATH' => 'C:\\inetpub\\wwwroot\\KEMRI-PHASE-II\\frontend\\web\\'
    'APPL_MD_PATH' => '/LM/W3SVC/4/ROOT'
    'IIS_UrlRewriteModule' => '7.1.1952.0'
    'WEBSOCKET_VERSION' => '13'
    'UNENCODED_URL' => '/grievance/update?Key=32%3BhOoAAAJ7%2F0cAUgBWADAAMAAwADEANA%3D%3D8%3B148520400%3B'
    'IIS_WasUrlRewritten' => '1'
    'HTTP_X_ORIGINAL_URL' => '/grievance/update?Key=32%3BhOoAAAJ7%2F0cAUgBWADAAMAAwADEANA%3D%3D8%3B148520400%3B'
    'HTTP_SEC_FETCH_DEST' => 'document'
    'HTTP_SEC_FETCH_USER' => '?1'
    'HTTP_SEC_FETCH_MODE' => 'navigate'
    'HTTP_SEC_FETCH_SITE' => 'same-origin'
    'HTTP_SEC_GPC' => '1'
    'HTTP_UPGRADE_INSECURE_REQUESTS' => '1'
    'HTTP_USER_AGENT' => 'Mozilla/5.0 (Windows NT 10.0; Win64; x64) AppleWebKit/537.36 (KHTML, like Gecko) Chrome/98.0.4758.102 Safari/537.36'
    'HTTP_REFERER' => 'http://localhost/grievance/index'
    'HTTP_HOST' => 'localhost'
    'HTTP_COOKIE' => 'PHPSESSID=s259g7es10ivjqpsm7rl3mmfpt; _csrf=e93c018422681712f17c93aa023aa542241078cbfae2862430d5f0aad0d8f2a6a%3A2%3A%7Bi%3A0%3Bs%3A5%3A%22_csrf%22%3Bi%3A1%3Bs%3A32%3A%22KPAt49exymBOWme7_ybuEF0RtwYsYCIj%22%3B%7D; advanced-frontend=je2hjdctp8ngli7udcnncs584q; _csrf-frontend=43382ed61b0b244fe70f95b80ce1f6f4f127a6d43df84a5f22925ca7e2135db9a%3A2%3A%7Bi%3A0%3Bs%3A14%3A%22_csrf-frontend%22%3Bi%3A1%3Bs%3A32%3A%226t5qpkUwKHo5k-ZC-Zir9eYpuJoGUq6e%22%3B%7D'
    'HTTP_ACCEPT_LANGUAGE' => 'en-US,en;q=0.9'
    'HTTP_ACCEPT_ENCODING' => 'gzip, deflate, br'
    'HTTP_ACCEPT' => 'text/html,application/xhtml+xml,application/xml;q=0.9,image/avif,image/webp,image/apng,*/*;q=0.8,application/signed-exchange;v=b3;q=0.9'
    'HTTP_CONTENT_LENGTH' => '0'
    'HTTP_CONNECTION' => 'keep-alive'
    'FCGI_ROLE' => 'RESPONDER'
    'PHP_SELF' => '/index.php'
    'REQUEST_TIME_FLOAT' => 1649036073.424
    'REQUEST_TIME' => 1649036073
    'NAV_USERNAME' => 'SVC-HRMISADMIN'
    'NAV_PASSWORD' => 'j$8f!M9X(Wv2ZJ/='
    'NAV_SERVER' => 'keklf-hrm52'
    'WS_PORT' => '7047'
    'NAV_INSTANCE' => 'BC140'
    'NAV_COMPANY' => 'KWTRP%20LIVE'
    'NAV_DB_PREFIX' => 'KWTRP LIVE$'
    'FMS_SERVER' => 'keklf-fin05.kwtrp.org'
    'FMS_WS_PORT' => '7047'
    'FMS_INSTANCE' => 'FmsLIVE'
    'FMS_COMPANY' => 'KEMRI%20Wellcome%20Trust'
    'AD_PREFIX' => 'KWTRP'
    'AD_SERVER' => 'KEKLF-ADS03'
    'GENRAL_TITLE' => 'Employee - Self Service'
    'WELCOME_TEXT' => 'KEMRI WELLCOME TRUST ESS - DEV'
    'CLIENT_COMPANY' => 'KEMRI WELLCOME TRUST'
    'DEMO_COMPANY' => 'IANSOFT LTD'
    'VENDOR_COMPANY' => 'IANSOFT TECHNOLOGIES LTD'
    'POWERED' => 'Iansoft Ltd'
    'DB_INSTANCE' => 'KEKLF-SQL55\\POWERPIVOT'
    'DB_NAME' => 'KEMRI_HRMIS_UAT'
    'DB_USER' => 'ess'
    'DB_PWD' => 'ess123'
]
2022-04-04 01:35:11 [::1][KWTRP\SVC-HRMCN03][je2hjdctp8ngli7udcnncs584q][error][yii\base\UnknownPropertyException] yii\base\UnknownPropertyException: Getting unknown property: frontend\models\Grievance::attachment in C:\inetpub\wwwroot\KEMRI-PHASE-II\vendor\yiisoft\yii2\base\Component.php:155
Stack trace:
#0 C:\inetpub\wwwroot\KEMRI-PHASE-II\vendor\yiisoft\yii2\helpers\BaseHtml.php(2244): yii\base\Component->__get()
#1 C:\inetpub\wwwroot\KEMRI-PHASE-II\vendor\yiisoft\yii2\helpers\BaseHtml.php(1363): yii\helpers\BaseHtml::getAttributeValue()
#2 C:\inetpub\wwwroot\KEMRI-PHASE-II\vendor\yiisoft\yii2\helpers\BaseHtml.php(1514): yii\helpers\BaseHtml::activeInput()
#3 C:\inetpub\wwwroot\KEMRI-PHASE-II\vendor\yiisoft\yii2\widgets\ActiveField.php(491): yii\helpers\BaseHtml::activeFileInput()
#4 C:\inetpub\wwwroot\KEMRI-PHASE-II\vendor\yiisoft\yii2-bootstrap4\src\ActiveField.php(537): yii\widgets\ActiveField->fileInput()
#5 C:\inetpub\wwwroot\KEMRI-PHASE-II\frontend\views\grievance\_form.php(114): yii\bootstrap4\ActiveField->fileInput()
#6 C:\inetpub\wwwroot\KEMRI-PHASE-II\vendor\yiisoft\yii2\base\View.php(348): require('C:\\inetpub\\wwwr...')
#7 C:\inetpub\wwwroot\KEMRI-PHASE-II\vendor\yiisoft\yii2\base\View.php(257): yii\base\View->renderPhpFile()
#8 C:\inetpub\wwwroot\KEMRI-PHASE-II\vendor\yiisoft\yii2\base\View.php(156): yii\base\View->renderFile()
#9 C:\inetpub\wwwroot\KEMRI-PHASE-II\frontend\views\grievance\update.php(30): yii\base\View->render()
#10 C:\inetpub\wwwroot\KEMRI-PHASE-II\vendor\yiisoft\yii2\base\View.php(348): require('C:\\inetpub\\wwwr...')
#11 C:\inetpub\wwwroot\KEMRI-PHASE-II\vendor\yiisoft\yii2\base\View.php(257): yii\base\View->renderPhpFile()
#12 C:\inetpub\wwwroot\KEMRI-PHASE-II\vendor\yiisoft\yii2\base\View.php(156): yii\base\View->renderFile()
#13 C:\inetpub\wwwroot\KEMRI-PHASE-II\vendor\yiisoft\yii2\base\Controller.php(410): yii\base\View->render()
#14 C:\inetpub\wwwroot\KEMRI-PHASE-II\frontend\controllers\grievanceController.php(143): yii\base\Controller->render()
#15 [internal function]: frontend\controllers\GrievanceController->actionUpdate()
#16 C:\inetpub\wwwroot\KEMRI-PHASE-II\vendor\yiisoft\yii2\base\InlineAction.php(57): call_user_func_array()
#17 C:\inetpub\wwwroot\KEMRI-PHASE-II\vendor\yiisoft\yii2\base\Controller.php(181): yii\base\InlineAction->runWithParams()
#18 C:\inetpub\wwwroot\KEMRI-PHASE-II\vendor\yiisoft\yii2\base\Module.php(534): yii\base\Controller->runAction()
#19 C:\inetpub\wwwroot\KEMRI-PHASE-II\vendor\yiisoft\yii2\web\Application.php(104): yii\base\Module->runAction()
#20 C:\inetpub\wwwroot\KEMRI-PHASE-II\vendor\yiisoft\yii2\base\Application.php(392): yii\web\Application->handleRequest()
#21 C:\inetpub\wwwroot\KEMRI-PHASE-II\frontend\web\index.php(17): yii\base\Application->run()
#22 {main}
2022-04-04 01:35:07 [::1][KWTRP\SVC-HRMCN03][je2hjdctp8ngli7udcnncs584q][info][application] $_GET = [
    'Key' => '32;hOoAAAJ7/0cAUgBWADAAMAAwADEANA==8;148520400;'
]

$_POST = []

$_FILES = []

$_COOKIE = [
    'PHPSESSID' => 's259g7es10ivjqpsm7rl3mmfpt'
    '_csrf' => 'e93c018422681712f17c93aa023aa542241078cbfae2862430d5f0aad0d8f2a6a:2:{i:0;s:5:\"_csrf\";i:1;s:32:\"KPAt49exymBOWme7_ybuEF0RtwYsYCIj\";}'
    'advanced-frontend' => 'je2hjdctp8ngli7udcnncs584q'
    '_csrf-frontend' => '43382ed61b0b244fe70f95b80ce1f6f4f127a6d43df84a5f22925ca7e2135db9a:2:{i:0;s:14:\"_csrf-frontend\";i:1;s:32:\"6t5qpkUwKHo5k-ZC-Zir9eYpuJoGUq6e\";}'
]

$_SESSION = [
    '__flash' => []
    '__returnUrl' => 'http://localhost/grievance/view?Key=32%3BhOoAAAJ7%2F0cAUgBWADAAMAAwADEANA%3D%3D8%3B148520400%3B'
    'IdentityPassword' => '@francis123'
    '__id' => 'KWTRP\\SVC-HRMCN03'
    '__expire' => 1649039707
]

$_SERVER = [
    '_FCGI_X_PIPE_' => '\\\\.\\pipe\\IISFCGI-af9bdcf7-a9a0-41db-b367-a4d3c89fb25d'
    'ALLUSERSPROFILE' => 'C:\\ProgramData'
    'APPDATA' => 'C:\\Windows\\system32\\config\\systemprofile\\AppData\\Roaming'
    'APP_POOL_CONFIG' => 'C:\\inetpub\\temp\\apppools\\UAT\\UAT.config'
    'APP_POOL_ID' => 'UAT'
    'CommonProgramFiles' => 'C:\\Program Files\\Common Files'
    'CommonProgramFiles(x86)' => 'C:\\Program Files (x86)\\Common Files'
    'CommonProgramW6432' => 'C:\\Program Files\\Common Files'
    'COMPUTERNAME' => 'KEKLF-HRM52'
    'ComSpec' => 'C:\\Windows\\system32\\cmd.exe'
    'DriverData' => 'C:\\Windows\\System32\\Drivers\\DriverData'
    'LOCALAPPDATA' => 'C:\\Windows\\system32\\config\\systemprofile\\AppData\\Local'
    'NUMBER_OF_PROCESSORS' => '4'
    'OS' => 'Windows_NT'
    'Path' => 'C:\\Windows\\system32;C:\\Windows;C:\\Windows\\System32\\Wbem;C:\\Windows\\System32\\WindowsPowerShell\\v1.0\\;C:\\Windows\\System32\\OpenSSH\\;C:\\Program Files\\Microsoft SQL Server\\Client SDK\\ODBC\\130\\Tools\\Binn\\;C:\\Program Files (x86)\\Microsoft SQL Server\\130\\Tools\\Binn\\;C:\\Program Files\\Microsoft SQL Server\\130\\Tools\\Binn\\;C:\\Program Files\\Microsoft SQL Server\\130\\DTS\\Binn\\;C:\\Program Files\\dotnet\\;C:\\Program Files (x86)\\dotnet\\;C:\\php-7.4;C:\\composer;C:\\Program Files\\Git\\cmd;C:\\Program Files\\Microsoft\\Web Platform Installer\\;C:\\Program Files (x86)\\GnuWin32\\bin;C:\\Program Files\\nodejs\\;C:\\Windows\\system32\\config\\systemprofile\\AppData\\Local\\Microsoft\\WindowsApps'
    'PATHEXT' => '.COM;.EXE;.BAT;.CMD;.VBS;.VBE;.JS;.JSE;.WSF;.WSH;.MSC'
    'PROCESSOR_ARCHITECTURE' => 'AMD64'
    'PROCESSOR_IDENTIFIER' => 'Intel64 Family 6 Model 62 Stepping 4, GenuineIntel'
    'PROCESSOR_LEVEL' => '6'
    'PROCESSOR_REVISION' => '3e04'
    'ProgramData' => 'C:\\ProgramData'
    'ProgramFiles' => 'C:\\Program Files'
    'ProgramFiles(x86)' => 'C:\\Program Files (x86)'
    'ProgramW6432' => 'C:\\Program Files'
    'PSModulePath' => 'C:\\Program Files\\WindowsPowerShell\\Modules;C:\\Windows\\system32\\WindowsPowerShell\\v1.0\\Modules;C:\\Program Files (x86)\\Microsoft SQL Server\\130\\Tools\\PowerShell\\Modules\\;C:\\Program Files\\Microsoft Dynamics 365 Business Central\\140\\Web Client\\Modules'
    'PUBLIC' => 'C:\\Users\\Public'
    'SystemDrive' => 'C:'
    'SystemRoot' => 'C:\\Windows'
    'TEMP' => 'C:\\Windows\\TEMP'
    'TMP' => 'C:\\Windows\\TEMP'
    'UATDATA' => 'C:\\Windows\\CCM\\UATData\\D9F8C395-CAB8-491d-B8AC-179A1FE1BE77'
    'USERDOMAIN' => 'KWTRP'
    'USERNAME' => 'KEKLF-HRM52$'
    'USERPROFILE' => 'C:\\Windows\\system32\\config\\systemprofile'
    'windir' => 'C:\\Windows'
    'ORIG_PATH_INFO' => '/index.php'
    'URL' => '/index.php'
    'SERVER_SOFTWARE' => 'Microsoft-IIS/10.0'
    'SERVER_PROTOCOL' => 'HTTP/1.1'
    'SERVER_PORT_SECURE' => '0'
    'SERVER_PORT' => '80'
    'SERVER_NAME' => 'localhost'
    'SCRIPT_NAME' => '/index.php'
    'SCRIPT_FILENAME' => 'C:\\inetpub\\wwwroot\\KEMRI-PHASE-II\\frontend\\web\\index.php'
    'REQUEST_URI' => '/grievance/update?Key=32%3BhOoAAAJ7%2F0cAUgBWADAAMAAwADEANA%3D%3D8%3B148520400%3B'
    'REQUEST_METHOD' => 'GET'
    'REMOTE_USER' => ''
    'REMOTE_PORT' => '53828'
    'REMOTE_HOST' => '::1'
    'REMOTE_ADDR' => '::1'
    'QUERY_STRING' => 'Key=32%3BhOoAAAJ7%2F0cAUgBWADAAMAAwADEANA%3D%3D8%3B148520400%3B'
    'PATH_TRANSLATED' => 'C:\\inetpub\\wwwroot\\KEMRI-PHASE-II\\frontend\\web\\index.php'
    'LOGON_USER' => ''
    'LOCAL_ADDR' => '::1'
    'INSTANCE_META_PATH' => '/LM/W3SVC/4'
    'INSTANCE_NAME' => 'UAT'
    'INSTANCE_ID' => '4'
    'HTTPS_SERVER_SUBJECT' => ''
    'HTTPS_SERVER_ISSUER' => ''
    'HTTPS_SECRETKEYSIZE' => ''
    'HTTPS_KEYSIZE' => ''
    'HTTPS' => 'off'
    'GATEWAY_INTERFACE' => 'CGI/1.1'
    'DOCUMENT_ROOT' => 'C:\\inetpub\\wwwroot\\KEMRI-PHASE-II\\frontend\\web'
    'CONTENT_TYPE' => ''
    'CONTENT_LENGTH' => '0'
    'CERT_SUBJECT' => ''
    'CERT_SERIALNUMBER' => ''
    'CERT_ISSUER' => ''
    'CERT_FLAGS' => ''
    'CERT_COOKIE' => ''
    'AUTH_USER' => ''
    'AUTH_PASSWORD' => ''
    'AUTH_TYPE' => ''
    'APPL_PHYSICAL_PATH' => 'C:\\inetpub\\wwwroot\\KEMRI-PHASE-II\\frontend\\web\\'
    'APPL_MD_PATH' => '/LM/W3SVC/4/ROOT'
    'IIS_UrlRewriteModule' => '7.1.1952.0'
    'WEBSOCKET_VERSION' => '13'
    'UNENCODED_URL' => '/grievance/update?Key=32%3BhOoAAAJ7%2F0cAUgBWADAAMAAwADEANA%3D%3D8%3B148520400%3B'
    'IIS_WasUrlRewritten' => '1'
    'HTTP_X_ORIGINAL_URL' => '/grievance/update?Key=32%3BhOoAAAJ7%2F0cAUgBWADAAMAAwADEANA%3D%3D8%3B148520400%3B'
    'HTTP_SEC_FETCH_DEST' => 'document'
    'HTTP_SEC_FETCH_USER' => '?1'
    'HTTP_SEC_FETCH_MODE' => 'navigate'
    'HTTP_SEC_FETCH_SITE' => 'same-origin'
    'HTTP_SEC_GPC' => '1'
    'HTTP_UPGRADE_INSECURE_REQUESTS' => '1'
    'HTTP_USER_AGENT' => 'Mozilla/5.0 (Windows NT 10.0; Win64; x64) AppleWebKit/537.36 (KHTML, like Gecko) Chrome/98.0.4758.102 Safari/537.36'
    'HTTP_REFERER' => 'http://localhost/grievance/index'
    'HTTP_HOST' => 'localhost'
    'HTTP_COOKIE' => 'PHPSESSID=s259g7es10ivjqpsm7rl3mmfpt; _csrf=e93c018422681712f17c93aa023aa542241078cbfae2862430d5f0aad0d8f2a6a%3A2%3A%7Bi%3A0%3Bs%3A5%3A%22_csrf%22%3Bi%3A1%3Bs%3A32%3A%22KPAt49exymBOWme7_ybuEF0RtwYsYCIj%22%3B%7D; advanced-frontend=je2hjdctp8ngli7udcnncs584q; _csrf-frontend=43382ed61b0b244fe70f95b80ce1f6f4f127a6d43df84a5f22925ca7e2135db9a%3A2%3A%7Bi%3A0%3Bs%3A14%3A%22_csrf-frontend%22%3Bi%3A1%3Bs%3A32%3A%226t5qpkUwKHo5k-ZC-Zir9eYpuJoGUq6e%22%3B%7D'
    'HTTP_ACCEPT_LANGUAGE' => 'en-US,en;q=0.9'
    'HTTP_ACCEPT_ENCODING' => 'gzip, deflate, br'
    'HTTP_ACCEPT' => 'text/html,application/xhtml+xml,application/xml;q=0.9,image/avif,image/webp,image/apng,*/*;q=0.8,application/signed-exchange;v=b3;q=0.9'
    'HTTP_CONTENT_LENGTH' => '0'
    'HTTP_CONNECTION' => 'keep-alive'
    'HTTP_CACHE_CONTROL' => 'max-age=0'
    'FCGI_ROLE' => 'RESPONDER'
    'PHP_SELF' => '/index.php'
    'REQUEST_TIME_FLOAT' => 1649036107.492
    'REQUEST_TIME' => 1649036107
    'NAV_USERNAME' => 'SVC-HRMISADMIN'
    'NAV_PASSWORD' => 'j$8f!M9X(Wv2ZJ/='
    'NAV_SERVER' => 'keklf-hrm52'
    'WS_PORT' => '7047'
    'NAV_INSTANCE' => 'BC140'
    'NAV_COMPANY' => 'KWTRP%20LIVE'
    'NAV_DB_PREFIX' => 'KWTRP LIVE$'
    'FMS_SERVER' => 'keklf-fin05.kwtrp.org'
    'FMS_WS_PORT' => '7047'
    'FMS_INSTANCE' => 'FmsLIVE'
    'FMS_COMPANY' => 'KEMRI%20Wellcome%20Trust'
    'AD_PREFIX' => 'KWTRP'
    'AD_SERVER' => 'KEKLF-ADS03'
    'GENRAL_TITLE' => 'Employee - Self Service'
    'WELCOME_TEXT' => 'KEMRI WELLCOME TRUST ESS - DEV'
    'CLIENT_COMPANY' => 'KEMRI WELLCOME TRUST'
    'DEMO_COMPANY' => 'IANSOFT LTD'
    'VENDOR_COMPANY' => 'IANSOFT TECHNOLOGIES LTD'
    'POWERED' => 'Iansoft Ltd'
    'DB_INSTANCE' => 'KEKLF-SQL55\\POWERPIVOT'
    'DB_NAME' => 'KEMRI_HRMIS_UAT'
    'DB_USER' => 'ess'
    'DB_PWD' => 'ess123'
]
2022-04-04 01:35:31 [::1][KWTRP\SVC-HRMCN03][je2hjdctp8ngli7udcnncs584q][error][yii\base\UnknownPropertyException] yii\base\UnknownPropertyException: Getting unknown property: frontend\models\Grievance::Witness in C:\inetpub\wwwroot\KEMRI-PHASE-II\vendor\yiisoft\yii2\base\Component.php:155
Stack trace:
#0 C:\inetpub\wwwroot\KEMRI-PHASE-II\vendor\yiisoft\yii2\helpers\BaseHtml.php(2244): yii\base\Component->__get()
#1 C:\inetpub\wwwroot\KEMRI-PHASE-II\vendor\yiisoft\yii2\helpers\BaseHtml.php(1836): yii\helpers\BaseHtml::getAttributeValue()
#2 C:\inetpub\wwwroot\KEMRI-PHASE-II\vendor\yiisoft\yii2\helpers\BaseHtml.php(1674): yii\helpers\BaseHtml::activeListInput()
#3 C:\inetpub\wwwroot\KEMRI-PHASE-II\vendor\yiisoft\yii2\widgets\ActiveField.php(654): yii\helpers\BaseHtml::activeDropDownList()
#4 C:\inetpub\wwwroot\KEMRI-PHASE-II\vendor\yiisoft\yii2-bootstrap4\src\ActiveField.php(424): yii\widgets\ActiveField->dropDownList()
#5 C:\inetpub\wwwroot\KEMRI-PHASE-II\frontend\views\grievance\_form.php(135): yii\bootstrap4\ActiveField->dropdownList()
#6 C:\inetpub\wwwroot\KEMRI-PHASE-II\vendor\yiisoft\yii2\base\View.php(348): require('C:\\inetpub\\wwwr...')
#7 C:\inetpub\wwwroot\KEMRI-PHASE-II\vendor\yiisoft\yii2\base\View.php(257): yii\base\View->renderPhpFile()
#8 C:\inetpub\wwwroot\KEMRI-PHASE-II\vendor\yiisoft\yii2\base\View.php(156): yii\base\View->renderFile()
#9 C:\inetpub\wwwroot\KEMRI-PHASE-II\frontend\views\grievance\update.php(30): yii\base\View->render()
#10 C:\inetpub\wwwroot\KEMRI-PHASE-II\vendor\yiisoft\yii2\base\View.php(348): require('C:\\inetpub\\wwwr...')
#11 C:\inetpub\wwwroot\KEMRI-PHASE-II\vendor\yiisoft\yii2\base\View.php(257): yii\base\View->renderPhpFile()
#12 C:\inetpub\wwwroot\KEMRI-PHASE-II\vendor\yiisoft\yii2\base\View.php(156): yii\base\View->renderFile()
#13 C:\inetpub\wwwroot\KEMRI-PHASE-II\vendor\yiisoft\yii2\base\Controller.php(410): yii\base\View->render()
#14 C:\inetpub\wwwroot\KEMRI-PHASE-II\frontend\controllers\grievanceController.php(143): yii\base\Controller->render()
#15 [internal function]: frontend\controllers\GrievanceController->actionUpdate()
#16 C:\inetpub\wwwroot\KEMRI-PHASE-II\vendor\yiisoft\yii2\base\InlineAction.php(57): call_user_func_array()
#17 C:\inetpub\wwwroot\KEMRI-PHASE-II\vendor\yiisoft\yii2\base\Controller.php(181): yii\base\InlineAction->runWithParams()
#18 C:\inetpub\wwwroot\KEMRI-PHASE-II\vendor\yiisoft\yii2\base\Module.php(534): yii\base\Controller->runAction()
#19 C:\inetpub\wwwroot\KEMRI-PHASE-II\vendor\yiisoft\yii2\web\Application.php(104): yii\base\Module->runAction()
#20 C:\inetpub\wwwroot\KEMRI-PHASE-II\vendor\yiisoft\yii2\base\Application.php(392): yii\web\Application->handleRequest()
#21 C:\inetpub\wwwroot\KEMRI-PHASE-II\frontend\web\index.php(17): yii\base\Application->run()
#22 {main}
2022-04-04 01:35:28 [::1][KWTRP\SVC-HRMCN03][je2hjdctp8ngli7udcnncs584q][info][application] $_GET = [
    'Key' => '32;hOoAAAJ7/0cAUgBWADAAMAAwADEANA==8;148520400;'
]

$_POST = []

$_FILES = []

$_COOKIE = [
    'PHPSESSID' => 's259g7es10ivjqpsm7rl3mmfpt'
    '_csrf' => 'e93c018422681712f17c93aa023aa542241078cbfae2862430d5f0aad0d8f2a6a:2:{i:0;s:5:\"_csrf\";i:1;s:32:\"KPAt49exymBOWme7_ybuEF0RtwYsYCIj\";}'
    'advanced-frontend' => 'je2hjdctp8ngli7udcnncs584q'
    '_csrf-frontend' => '43382ed61b0b244fe70f95b80ce1f6f4f127a6d43df84a5f22925ca7e2135db9a:2:{i:0;s:14:\"_csrf-frontend\";i:1;s:32:\"6t5qpkUwKHo5k-ZC-Zir9eYpuJoGUq6e\";}'
]

$_SESSION = [
    '__flash' => []
    '__returnUrl' => 'http://localhost/grievance/view?Key=32%3BhOoAAAJ7%2F0cAUgBWADAAMAAwADEANA%3D%3D8%3B148520400%3B'
    'IdentityPassword' => '@francis123'
    '__id' => 'KWTRP\\SVC-HRMCN03'
    '__expire' => 1649039728
]

$_SERVER = [
    '_FCGI_X_PIPE_' => '\\\\.\\pipe\\IISFCGI-af9bdcf7-a9a0-41db-b367-a4d3c89fb25d'
    'ALLUSERSPROFILE' => 'C:\\ProgramData'
    'APPDATA' => 'C:\\Windows\\system32\\config\\systemprofile\\AppData\\Roaming'
    'APP_POOL_CONFIG' => 'C:\\inetpub\\temp\\apppools\\UAT\\UAT.config'
    'APP_POOL_ID' => 'UAT'
    'CommonProgramFiles' => 'C:\\Program Files\\Common Files'
    'CommonProgramFiles(x86)' => 'C:\\Program Files (x86)\\Common Files'
    'CommonProgramW6432' => 'C:\\Program Files\\Common Files'
    'COMPUTERNAME' => 'KEKLF-HRM52'
    'ComSpec' => 'C:\\Windows\\system32\\cmd.exe'
    'DriverData' => 'C:\\Windows\\System32\\Drivers\\DriverData'
    'LOCALAPPDATA' => 'C:\\Windows\\system32\\config\\systemprofile\\AppData\\Local'
    'NUMBER_OF_PROCESSORS' => '4'
    'OS' => 'Windows_NT'
    'Path' => 'C:\\Windows\\system32;C:\\Windows;C:\\Windows\\System32\\Wbem;C:\\Windows\\System32\\WindowsPowerShell\\v1.0\\;C:\\Windows\\System32\\OpenSSH\\;C:\\Program Files\\Microsoft SQL Server\\Client SDK\\ODBC\\130\\Tools\\Binn\\;C:\\Program Files (x86)\\Microsoft SQL Server\\130\\Tools\\Binn\\;C:\\Program Files\\Microsoft SQL Server\\130\\Tools\\Binn\\;C:\\Program Files\\Microsoft SQL Server\\130\\DTS\\Binn\\;C:\\Program Files\\dotnet\\;C:\\Program Files (x86)\\dotnet\\;C:\\php-7.4;C:\\composer;C:\\Program Files\\Git\\cmd;C:\\Program Files\\Microsoft\\Web Platform Installer\\;C:\\Program Files (x86)\\GnuWin32\\bin;C:\\Program Files\\nodejs\\;C:\\Windows\\system32\\config\\systemprofile\\AppData\\Local\\Microsoft\\WindowsApps'
    'PATHEXT' => '.COM;.EXE;.BAT;.CMD;.VBS;.VBE;.JS;.JSE;.WSF;.WSH;.MSC'
    'PROCESSOR_ARCHITECTURE' => 'AMD64'
    'PROCESSOR_IDENTIFIER' => 'Intel64 Family 6 Model 62 Stepping 4, GenuineIntel'
    'PROCESSOR_LEVEL' => '6'
    'PROCESSOR_REVISION' => '3e04'
    'ProgramData' => 'C:\\ProgramData'
    'ProgramFiles' => 'C:\\Program Files'
    'ProgramFiles(x86)' => 'C:\\Program Files (x86)'
    'ProgramW6432' => 'C:\\Program Files'
    'PSModulePath' => 'C:\\Program Files\\WindowsPowerShell\\Modules;C:\\Windows\\system32\\WindowsPowerShell\\v1.0\\Modules;C:\\Program Files (x86)\\Microsoft SQL Server\\130\\Tools\\PowerShell\\Modules\\;C:\\Program Files\\Microsoft Dynamics 365 Business Central\\140\\Web Client\\Modules'
    'PUBLIC' => 'C:\\Users\\Public'
    'SystemDrive' => 'C:'
    'SystemRoot' => 'C:\\Windows'
    'TEMP' => 'C:\\Windows\\TEMP'
    'TMP' => 'C:\\Windows\\TEMP'
    'UATDATA' => 'C:\\Windows\\CCM\\UATData\\D9F8C395-CAB8-491d-B8AC-179A1FE1BE77'
    'USERDOMAIN' => 'KWTRP'
    'USERNAME' => 'KEKLF-HRM52$'
    'USERPROFILE' => 'C:\\Windows\\system32\\config\\systemprofile'
    'windir' => 'C:\\Windows'
    'ORIG_PATH_INFO' => '/index.php'
    'URL' => '/index.php'
    'SERVER_SOFTWARE' => 'Microsoft-IIS/10.0'
    'SERVER_PROTOCOL' => 'HTTP/1.1'
    'SERVER_PORT_SECURE' => '0'
    'SERVER_PORT' => '80'
    'SERVER_NAME' => 'localhost'
    'SCRIPT_NAME' => '/index.php'
    'SCRIPT_FILENAME' => 'C:\\inetpub\\wwwroot\\KEMRI-PHASE-II\\frontend\\web\\index.php'
    'REQUEST_URI' => '/grievance/update?Key=32%3BhOoAAAJ7%2F0cAUgBWADAAMAAwADEANA%3D%3D8%3B148520400%3B'
    'REQUEST_METHOD' => 'GET'
    'REMOTE_USER' => ''
    'REMOTE_PORT' => '53828'
    'REMOTE_HOST' => '::1'
    'REMOTE_ADDR' => '::1'
    'QUERY_STRING' => 'Key=32%3BhOoAAAJ7%2F0cAUgBWADAAMAAwADEANA%3D%3D8%3B148520400%3B'
    'PATH_TRANSLATED' => 'C:\\inetpub\\wwwroot\\KEMRI-PHASE-II\\frontend\\web\\index.php'
    'LOGON_USER' => ''
    'LOCAL_ADDR' => '::1'
    'INSTANCE_META_PATH' => '/LM/W3SVC/4'
    'INSTANCE_NAME' => 'UAT'
    'INSTANCE_ID' => '4'
    'HTTPS_SERVER_SUBJECT' => ''
    'HTTPS_SERVER_ISSUER' => ''
    'HTTPS_SECRETKEYSIZE' => ''
    'HTTPS_KEYSIZE' => ''
    'HTTPS' => 'off'
    'GATEWAY_INTERFACE' => 'CGI/1.1'
    'DOCUMENT_ROOT' => 'C:\\inetpub\\wwwroot\\KEMRI-PHASE-II\\frontend\\web'
    'CONTENT_TYPE' => ''
    'CONTENT_LENGTH' => '0'
    'CERT_SUBJECT' => ''
    'CERT_SERIALNUMBER' => ''
    'CERT_ISSUER' => ''
    'CERT_FLAGS' => ''
    'CERT_COOKIE' => ''
    'AUTH_USER' => ''
    'AUTH_PASSWORD' => ''
    'AUTH_TYPE' => ''
    'APPL_PHYSICAL_PATH' => 'C:\\inetpub\\wwwroot\\KEMRI-PHASE-II\\frontend\\web\\'
    'APPL_MD_PATH' => '/LM/W3SVC/4/ROOT'
    'IIS_UrlRewriteModule' => '7.1.1952.0'
    'WEBSOCKET_VERSION' => '13'
    'UNENCODED_URL' => '/grievance/update?Key=32%3BhOoAAAJ7%2F0cAUgBWADAAMAAwADEANA%3D%3D8%3B148520400%3B'
    'IIS_WasUrlRewritten' => '1'
    'HTTP_X_ORIGINAL_URL' => '/grievance/update?Key=32%3BhOoAAAJ7%2F0cAUgBWADAAMAAwADEANA%3D%3D8%3B148520400%3B'
    'HTTP_SEC_FETCH_DEST' => 'document'
    'HTTP_SEC_FETCH_USER' => '?1'
    'HTTP_SEC_FETCH_MODE' => 'navigate'
    'HTTP_SEC_FETCH_SITE' => 'same-origin'
    'HTTP_SEC_GPC' => '1'
    'HTTP_UPGRADE_INSECURE_REQUESTS' => '1'
    'HTTP_USER_AGENT' => 'Mozilla/5.0 (Windows NT 10.0; Win64; x64) AppleWebKit/537.36 (KHTML, like Gecko) Chrome/98.0.4758.102 Safari/537.36'
    'HTTP_REFERER' => 'http://localhost/grievance/index'
    'HTTP_HOST' => 'localhost'
    'HTTP_COOKIE' => 'PHPSESSID=s259g7es10ivjqpsm7rl3mmfpt; _csrf=e93c018422681712f17c93aa023aa542241078cbfae2862430d5f0aad0d8f2a6a%3A2%3A%7Bi%3A0%3Bs%3A5%3A%22_csrf%22%3Bi%3A1%3Bs%3A32%3A%22KPAt49exymBOWme7_ybuEF0RtwYsYCIj%22%3B%7D; advanced-frontend=je2hjdctp8ngli7udcnncs584q; _csrf-frontend=43382ed61b0b244fe70f95b80ce1f6f4f127a6d43df84a5f22925ca7e2135db9a%3A2%3A%7Bi%3A0%3Bs%3A14%3A%22_csrf-frontend%22%3Bi%3A1%3Bs%3A32%3A%226t5qpkUwKHo5k-ZC-Zir9eYpuJoGUq6e%22%3B%7D'
    'HTTP_ACCEPT_LANGUAGE' => 'en-US,en;q=0.9'
    'HTTP_ACCEPT_ENCODING' => 'gzip, deflate, br'
    'HTTP_ACCEPT' => 'text/html,application/xhtml+xml,application/xml;q=0.9,image/avif,image/webp,image/apng,*/*;q=0.8,application/signed-exchange;v=b3;q=0.9'
    'HTTP_CONTENT_LENGTH' => '0'
    'HTTP_CONNECTION' => 'keep-alive'
    'HTTP_CACHE_CONTROL' => 'max-age=0'
    'FCGI_ROLE' => 'RESPONDER'
    'PHP_SELF' => '/index.php'
    'REQUEST_TIME_FLOAT' => 1649036128.5204
    'REQUEST_TIME' => 1649036128
    'NAV_USERNAME' => 'SVC-HRMISADMIN'
    'NAV_PASSWORD' => 'j$8f!M9X(Wv2ZJ/='
    'NAV_SERVER' => 'keklf-hrm52'
    'WS_PORT' => '7047'
    'NAV_INSTANCE' => 'BC140'
    'NAV_COMPANY' => 'KWTRP%20LIVE'
    'NAV_DB_PREFIX' => 'KWTRP LIVE$'
    'FMS_SERVER' => 'keklf-fin05.kwtrp.org'
    'FMS_WS_PORT' => '7047'
    'FMS_INSTANCE' => 'FmsLIVE'
    'FMS_COMPANY' => 'KEMRI%20Wellcome%20Trust'
    'AD_PREFIX' => 'KWTRP'
    'AD_SERVER' => 'KEKLF-ADS03'
    'GENRAL_TITLE' => 'Employee - Self Service'
    'WELCOME_TEXT' => 'KEMRI WELLCOME TRUST ESS - DEV'
    'CLIENT_COMPANY' => 'KEMRI WELLCOME TRUST'
    'DEMO_COMPANY' => 'IANSOFT LTD'
    'VENDOR_COMPANY' => 'IANSOFT TECHNOLOGIES LTD'
    'POWERED' => 'Iansoft Ltd'
    'DB_INSTANCE' => 'KEKLF-SQL55\\POWERPIVOT'
    'DB_NAME' => 'KEMRI_HRMIS_UAT'
    'DB_USER' => 'ess'
    'DB_PWD' => 'ess123'
]
2022-04-04 01:35:51 [::1][KWTRP\SVC-HRMCN03][je2hjdctp8ngli7udcnncs584q][error][yii\base\UnknownPropertyException] yii\base\UnknownPropertyException: Getting unknown property: frontend\models\Grievance::Witness_Name in C:\inetpub\wwwroot\KEMRI-PHASE-II\vendor\yiisoft\yii2\base\Component.php:155
Stack trace:
#0 C:\inetpub\wwwroot\KEMRI-PHASE-II\vendor\yiisoft\yii2\helpers\BaseHtml.php(2244): yii\base\Component->__get()
#1 C:\inetpub\wwwroot\KEMRI-PHASE-II\vendor\yiisoft\yii2\helpers\BaseHtml.php(1363): yii\helpers\BaseHtml::getAttributeValue()
#2 C:\inetpub\wwwroot\KEMRI-PHASE-II\vendor\yiisoft\yii2\helpers\BaseHtml.php(1417): yii\helpers\BaseHtml::activeInput()
#3 C:\inetpub\wwwroot\KEMRI-PHASE-II\vendor\yiisoft\yii2\widgets\ActiveField.php(407): yii\helpers\BaseHtml::activeTextInput()
#4 C:\inetpub\wwwroot\KEMRI-PHASE-II\frontend\views\grievance\_form.php(136): yii\widgets\ActiveField->textInput()
#5 C:\inetpub\wwwroot\KEMRI-PHASE-II\vendor\yiisoft\yii2\base\View.php(348): require('C:\\inetpub\\wwwr...')
#6 C:\inetpub\wwwroot\KEMRI-PHASE-II\vendor\yiisoft\yii2\base\View.php(257): yii\base\View->renderPhpFile()
#7 C:\inetpub\wwwroot\KEMRI-PHASE-II\vendor\yiisoft\yii2\base\View.php(156): yii\base\View->renderFile()
#8 C:\inetpub\wwwroot\KEMRI-PHASE-II\frontend\views\grievance\update.php(30): yii\base\View->render()
#9 C:\inetpub\wwwroot\KEMRI-PHASE-II\vendor\yiisoft\yii2\base\View.php(348): require('C:\\inetpub\\wwwr...')
#10 C:\inetpub\wwwroot\KEMRI-PHASE-II\vendor\yiisoft\yii2\base\View.php(257): yii\base\View->renderPhpFile()
#11 C:\inetpub\wwwroot\KEMRI-PHASE-II\vendor\yiisoft\yii2\base\View.php(156): yii\base\View->renderFile()
#12 C:\inetpub\wwwroot\KEMRI-PHASE-II\vendor\yiisoft\yii2\base\Controller.php(410): yii\base\View->render()
#13 C:\inetpub\wwwroot\KEMRI-PHASE-II\frontend\controllers\grievanceController.php(143): yii\base\Controller->render()
#14 [internal function]: frontend\controllers\GrievanceController->actionUpdate()
#15 C:\inetpub\wwwroot\KEMRI-PHASE-II\vendor\yiisoft\yii2\base\InlineAction.php(57): call_user_func_array()
#16 C:\inetpub\wwwroot\KEMRI-PHASE-II\vendor\yiisoft\yii2\base\Controller.php(181): yii\base\InlineAction->runWithParams()
#17 C:\inetpub\wwwroot\KEMRI-PHASE-II\vendor\yiisoft\yii2\base\Module.php(534): yii\base\Controller->runAction()
#18 C:\inetpub\wwwroot\KEMRI-PHASE-II\vendor\yiisoft\yii2\web\Application.php(104): yii\base\Module->runAction()
#19 C:\inetpub\wwwroot\KEMRI-PHASE-II\vendor\yiisoft\yii2\base\Application.php(392): yii\web\Application->handleRequest()
#20 C:\inetpub\wwwroot\KEMRI-PHASE-II\frontend\web\index.php(17): yii\base\Application->run()
#21 {main}
2022-04-04 01:35:49 [::1][KWTRP\SVC-HRMCN03][je2hjdctp8ngli7udcnncs584q][info][application] $_GET = [
    'Key' => '32;hOoAAAJ7/0cAUgBWADAAMAAwADEANA==8;148520400;'
]

$_POST = []

$_FILES = []

$_COOKIE = [
    'PHPSESSID' => 's259g7es10ivjqpsm7rl3mmfpt'
    '_csrf' => 'e93c018422681712f17c93aa023aa542241078cbfae2862430d5f0aad0d8f2a6a:2:{i:0;s:5:\"_csrf\";i:1;s:32:\"KPAt49exymBOWme7_ybuEF0RtwYsYCIj\";}'
    'advanced-frontend' => 'je2hjdctp8ngli7udcnncs584q'
    '_csrf-frontend' => '43382ed61b0b244fe70f95b80ce1f6f4f127a6d43df84a5f22925ca7e2135db9a:2:{i:0;s:14:\"_csrf-frontend\";i:1;s:32:\"6t5qpkUwKHo5k-ZC-Zir9eYpuJoGUq6e\";}'
]

$_SESSION = [
    '__flash' => []
    '__returnUrl' => 'http://localhost/grievance/view?Key=32%3BhOoAAAJ7%2F0cAUgBWADAAMAAwADEANA%3D%3D8%3B148520400%3B'
    'IdentityPassword' => '@francis123'
    '__id' => 'KWTRP\\SVC-HRMCN03'
    '__expire' => 1649039749
]

$_SERVER = [
    '_FCGI_X_PIPE_' => '\\\\.\\pipe\\IISFCGI-af9bdcf7-a9a0-41db-b367-a4d3c89fb25d'
    'ALLUSERSPROFILE' => 'C:\\ProgramData'
    'APPDATA' => 'C:\\Windows\\system32\\config\\systemprofile\\AppData\\Roaming'
    'APP_POOL_CONFIG' => 'C:\\inetpub\\temp\\apppools\\UAT\\UAT.config'
    'APP_POOL_ID' => 'UAT'
    'CommonProgramFiles' => 'C:\\Program Files\\Common Files'
    'CommonProgramFiles(x86)' => 'C:\\Program Files (x86)\\Common Files'
    'CommonProgramW6432' => 'C:\\Program Files\\Common Files'
    'COMPUTERNAME' => 'KEKLF-HRM52'
    'ComSpec' => 'C:\\Windows\\system32\\cmd.exe'
    'DriverData' => 'C:\\Windows\\System32\\Drivers\\DriverData'
    'LOCALAPPDATA' => 'C:\\Windows\\system32\\config\\systemprofile\\AppData\\Local'
    'NUMBER_OF_PROCESSORS' => '4'
    'OS' => 'Windows_NT'
    'Path' => 'C:\\Windows\\system32;C:\\Windows;C:\\Windows\\System32\\Wbem;C:\\Windows\\System32\\WindowsPowerShell\\v1.0\\;C:\\Windows\\System32\\OpenSSH\\;C:\\Program Files\\Microsoft SQL Server\\Client SDK\\ODBC\\130\\Tools\\Binn\\;C:\\Program Files (x86)\\Microsoft SQL Server\\130\\Tools\\Binn\\;C:\\Program Files\\Microsoft SQL Server\\130\\Tools\\Binn\\;C:\\Program Files\\Microsoft SQL Server\\130\\DTS\\Binn\\;C:\\Program Files\\dotnet\\;C:\\Program Files (x86)\\dotnet\\;C:\\php-7.4;C:\\composer;C:\\Program Files\\Git\\cmd;C:\\Program Files\\Microsoft\\Web Platform Installer\\;C:\\Program Files (x86)\\GnuWin32\\bin;C:\\Program Files\\nodejs\\;C:\\Windows\\system32\\config\\systemprofile\\AppData\\Local\\Microsoft\\WindowsApps'
    'PATHEXT' => '.COM;.EXE;.BAT;.CMD;.VBS;.VBE;.JS;.JSE;.WSF;.WSH;.MSC'
    'PROCESSOR_ARCHITECTURE' => 'AMD64'
    'PROCESSOR_IDENTIFIER' => 'Intel64 Family 6 Model 62 Stepping 4, GenuineIntel'
    'PROCESSOR_LEVEL' => '6'
    'PROCESSOR_REVISION' => '3e04'
    'ProgramData' => 'C:\\ProgramData'
    'ProgramFiles' => 'C:\\Program Files'
    'ProgramFiles(x86)' => 'C:\\Program Files (x86)'
    'ProgramW6432' => 'C:\\Program Files'
    'PSModulePath' => 'C:\\Program Files\\WindowsPowerShell\\Modules;C:\\Windows\\system32\\WindowsPowerShell\\v1.0\\Modules;C:\\Program Files (x86)\\Microsoft SQL Server\\130\\Tools\\PowerShell\\Modules\\;C:\\Program Files\\Microsoft Dynamics 365 Business Central\\140\\Web Client\\Modules'
    'PUBLIC' => 'C:\\Users\\Public'
    'SystemDrive' => 'C:'
    'SystemRoot' => 'C:\\Windows'
    'TEMP' => 'C:\\Windows\\TEMP'
    'TMP' => 'C:\\Windows\\TEMP'
    'UATDATA' => 'C:\\Windows\\CCM\\UATData\\D9F8C395-CAB8-491d-B8AC-179A1FE1BE77'
    'USERDOMAIN' => 'KWTRP'
    'USERNAME' => 'KEKLF-HRM52$'
    'USERPROFILE' => 'C:\\Windows\\system32\\config\\systemprofile'
    'windir' => 'C:\\Windows'
    'ORIG_PATH_INFO' => '/index.php'
    'URL' => '/index.php'
    'SERVER_SOFTWARE' => 'Microsoft-IIS/10.0'
    'SERVER_PROTOCOL' => 'HTTP/1.1'
    'SERVER_PORT_SECURE' => '0'
    'SERVER_PORT' => '80'
    'SERVER_NAME' => 'localhost'
    'SCRIPT_NAME' => '/index.php'
    'SCRIPT_FILENAME' => 'C:\\inetpub\\wwwroot\\KEMRI-PHASE-II\\frontend\\web\\index.php'
    'REQUEST_URI' => '/grievance/update?Key=32%3BhOoAAAJ7%2F0cAUgBWADAAMAAwADEANA%3D%3D8%3B148520400%3B'
    'REQUEST_METHOD' => 'GET'
    'REMOTE_USER' => ''
    'REMOTE_PORT' => '53828'
    'REMOTE_HOST' => '::1'
    'REMOTE_ADDR' => '::1'
    'QUERY_STRING' => 'Key=32%3BhOoAAAJ7%2F0cAUgBWADAAMAAwADEANA%3D%3D8%3B148520400%3B'
    'PATH_TRANSLATED' => 'C:\\inetpub\\wwwroot\\KEMRI-PHASE-II\\frontend\\web\\index.php'
    'LOGON_USER' => ''
    'LOCAL_ADDR' => '::1'
    'INSTANCE_META_PATH' => '/LM/W3SVC/4'
    'INSTANCE_NAME' => 'UAT'
    'INSTANCE_ID' => '4'
    'HTTPS_SERVER_SUBJECT' => ''
    'HTTPS_SERVER_ISSUER' => ''
    'HTTPS_SECRETKEYSIZE' => ''
    'HTTPS_KEYSIZE' => ''
    'HTTPS' => 'off'
    'GATEWAY_INTERFACE' => 'CGI/1.1'
    'DOCUMENT_ROOT' => 'C:\\inetpub\\wwwroot\\KEMRI-PHASE-II\\frontend\\web'
    'CONTENT_TYPE' => ''
    'CONTENT_LENGTH' => '0'
    'CERT_SUBJECT' => ''
    'CERT_SERIALNUMBER' => ''
    'CERT_ISSUER' => ''
    'CERT_FLAGS' => ''
    'CERT_COOKIE' => ''
    'AUTH_USER' => ''
    'AUTH_PASSWORD' => ''
    'AUTH_TYPE' => ''
    'APPL_PHYSICAL_PATH' => 'C:\\inetpub\\wwwroot\\KEMRI-PHASE-II\\frontend\\web\\'
    'APPL_MD_PATH' => '/LM/W3SVC/4/ROOT'
    'IIS_UrlRewriteModule' => '7.1.1952.0'
    'WEBSOCKET_VERSION' => '13'
    'UNENCODED_URL' => '/grievance/update?Key=32%3BhOoAAAJ7%2F0cAUgBWADAAMAAwADEANA%3D%3D8%3B148520400%3B'
    'IIS_WasUrlRewritten' => '1'
    'HTTP_X_ORIGINAL_URL' => '/grievance/update?Key=32%3BhOoAAAJ7%2F0cAUgBWADAAMAAwADEANA%3D%3D8%3B148520400%3B'
    'HTTP_SEC_FETCH_DEST' => 'document'
    'HTTP_SEC_FETCH_USER' => '?1'
    'HTTP_SEC_FETCH_MODE' => 'navigate'
    'HTTP_SEC_FETCH_SITE' => 'same-origin'
    'HTTP_SEC_GPC' => '1'
    'HTTP_UPGRADE_INSECURE_REQUESTS' => '1'
    'HTTP_USER_AGENT' => 'Mozilla/5.0 (Windows NT 10.0; Win64; x64) AppleWebKit/537.36 (KHTML, like Gecko) Chrome/98.0.4758.102 Safari/537.36'
    'HTTP_REFERER' => 'http://localhost/grievance/index'
    'HTTP_HOST' => 'localhost'
    'HTTP_COOKIE' => 'PHPSESSID=s259g7es10ivjqpsm7rl3mmfpt; _csrf=e93c018422681712f17c93aa023aa542241078cbfae2862430d5f0aad0d8f2a6a%3A2%3A%7Bi%3A0%3Bs%3A5%3A%22_csrf%22%3Bi%3A1%3Bs%3A32%3A%22KPAt49exymBOWme7_ybuEF0RtwYsYCIj%22%3B%7D; advanced-frontend=je2hjdctp8ngli7udcnncs584q; _csrf-frontend=43382ed61b0b244fe70f95b80ce1f6f4f127a6d43df84a5f22925ca7e2135db9a%3A2%3A%7Bi%3A0%3Bs%3A14%3A%22_csrf-frontend%22%3Bi%3A1%3Bs%3A32%3A%226t5qpkUwKHo5k-ZC-Zir9eYpuJoGUq6e%22%3B%7D'
    'HTTP_ACCEPT_LANGUAGE' => 'en-US,en;q=0.9'
    'HTTP_ACCEPT_ENCODING' => 'gzip, deflate, br'
    'HTTP_ACCEPT' => 'text/html,application/xhtml+xml,application/xml;q=0.9,image/avif,image/webp,image/apng,*/*;q=0.8,application/signed-exchange;v=b3;q=0.9'
    'HTTP_CONTENT_LENGTH' => '0'
    'HTTP_CONNECTION' => 'keep-alive'
    'HTTP_CACHE_CONTROL' => 'max-age=0'
    'FCGI_ROLE' => 'RESPONDER'
    'PHP_SELF' => '/index.php'
    'REQUEST_TIME_FLOAT' => 1649036149.6042
    'REQUEST_TIME' => 1649036149
    'NAV_USERNAME' => 'SVC-HRMISADMIN'
    'NAV_PASSWORD' => 'j$8f!M9X(Wv2ZJ/='
    'NAV_SERVER' => 'keklf-hrm52'
    'WS_PORT' => '7047'
    'NAV_INSTANCE' => 'BC140'
    'NAV_COMPANY' => 'KWTRP%20LIVE'
    'NAV_DB_PREFIX' => 'KWTRP LIVE$'
    'FMS_SERVER' => 'keklf-fin05.kwtrp.org'
    'FMS_WS_PORT' => '7047'
    'FMS_INSTANCE' => 'FmsLIVE'
    'FMS_COMPANY' => 'KEMRI%20Wellcome%20Trust'
    'AD_PREFIX' => 'KWTRP'
    'AD_SERVER' => 'KEKLF-ADS03'
    'GENRAL_TITLE' => 'Employee - Self Service'
    'WELCOME_TEXT' => 'KEMRI WELLCOME TRUST ESS - DEV'
    'CLIENT_COMPANY' => 'KEMRI WELLCOME TRUST'
    'DEMO_COMPANY' => 'IANSOFT LTD'
    'VENDOR_COMPANY' => 'IANSOFT TECHNOLOGIES LTD'
    'POWERED' => 'Iansoft Ltd'
    'DB_INSTANCE' => 'KEKLF-SQL55\\POWERPIVOT'
    'DB_NAME' => 'KEMRI_HRMIS_UAT'
    'DB_USER' => 'ess'
    'DB_PWD' => 'ess123'
]
2022-04-04 01:36:52 [::1][KWTRP\SVC-HRMCN03][je2hjdctp8ngli7udcnncs584q][error][yii\base\UnknownPropertyException] yii\base\UnknownPropertyException: Getting unknown property: frontend\models\Grievance::Grievance_Witnesses in C:\inetpub\wwwroot\KEMRI-PHASE-II\vendor\yiisoft\yii2\base\Component.php:155
Stack trace:
#0 C:\inetpub\wwwroot\KEMRI-PHASE-II\frontend\views\grievance\_form.php(183): yii\base\Component->__get()
#1 C:\inetpub\wwwroot\KEMRI-PHASE-II\vendor\yiisoft\yii2\base\View.php(348): require('C:\\inetpub\\wwwr...')
#2 C:\inetpub\wwwroot\KEMRI-PHASE-II\vendor\yiisoft\yii2\base\View.php(257): yii\base\View->renderPhpFile()
#3 C:\inetpub\wwwroot\KEMRI-PHASE-II\vendor\yiisoft\yii2\base\View.php(156): yii\base\View->renderFile()
#4 C:\inetpub\wwwroot\KEMRI-PHASE-II\frontend\views\grievance\update.php(30): yii\base\View->render()
#5 C:\inetpub\wwwroot\KEMRI-PHASE-II\vendor\yiisoft\yii2\base\View.php(348): require('C:\\inetpub\\wwwr...')
#6 C:\inetpub\wwwroot\KEMRI-PHASE-II\vendor\yiisoft\yii2\base\View.php(257): yii\base\View->renderPhpFile()
#7 C:\inetpub\wwwroot\KEMRI-PHASE-II\vendor\yiisoft\yii2\base\View.php(156): yii\base\View->renderFile()
#8 C:\inetpub\wwwroot\KEMRI-PHASE-II\vendor\yiisoft\yii2\base\Controller.php(410): yii\base\View->render()
#9 C:\inetpub\wwwroot\KEMRI-PHASE-II\frontend\controllers\grievanceController.php(143): yii\base\Controller->render()
#10 [internal function]: frontend\controllers\GrievanceController->actionUpdate()
#11 C:\inetpub\wwwroot\KEMRI-PHASE-II\vendor\yiisoft\yii2\base\InlineAction.php(57): call_user_func_array()
#12 C:\inetpub\wwwroot\KEMRI-PHASE-II\vendor\yiisoft\yii2\base\Controller.php(181): yii\base\InlineAction->runWithParams()
#13 C:\inetpub\wwwroot\KEMRI-PHASE-II\vendor\yiisoft\yii2\base\Module.php(534): yii\base\Controller->runAction()
#14 C:\inetpub\wwwroot\KEMRI-PHASE-II\vendor\yiisoft\yii2\web\Application.php(104): yii\base\Module->runAction()
#15 C:\inetpub\wwwroot\KEMRI-PHASE-II\vendor\yiisoft\yii2\base\Application.php(392): yii\web\Application->handleRequest()
#16 C:\inetpub\wwwroot\KEMRI-PHASE-II\frontend\web\index.php(17): yii\base\Application->run()
#17 {main}
2022-04-04 01:36:50 [::1][KWTRP\SVC-HRMCN03][je2hjdctp8ngli7udcnncs584q][info][application] $_GET = [
    'Key' => '32;hOoAAAJ7/0cAUgBWADAAMAAwADEANA==8;148520400;'
]

$_POST = []

$_FILES = []

$_COOKIE = [
    'PHPSESSID' => 's259g7es10ivjqpsm7rl3mmfpt'
    '_csrf' => 'e93c018422681712f17c93aa023aa542241078cbfae2862430d5f0aad0d8f2a6a:2:{i:0;s:5:\"_csrf\";i:1;s:32:\"KPAt49exymBOWme7_ybuEF0RtwYsYCIj\";}'
    'advanced-frontend' => 'je2hjdctp8ngli7udcnncs584q'
    '_csrf-frontend' => '43382ed61b0b244fe70f95b80ce1f6f4f127a6d43df84a5f22925ca7e2135db9a:2:{i:0;s:14:\"_csrf-frontend\";i:1;s:32:\"6t5qpkUwKHo5k-ZC-Zir9eYpuJoGUq6e\";}'
]

$_SESSION = [
    '__flash' => []
    '__returnUrl' => 'http://localhost/grievance/view?Key=32%3BhOoAAAJ7%2F0cAUgBWADAAMAAwADEANA%3D%3D8%3B148520400%3B'
    'IdentityPassword' => '@francis123'
    '__id' => 'KWTRP\\SVC-HRMCN03'
    '__expire' => 1649039810
]

$_SERVER = [
    '_FCGI_X_PIPE_' => '\\\\.\\pipe\\IISFCGI-af9bdcf7-a9a0-41db-b367-a4d3c89fb25d'
    'ALLUSERSPROFILE' => 'C:\\ProgramData'
    'APPDATA' => 'C:\\Windows\\system32\\config\\systemprofile\\AppData\\Roaming'
    'APP_POOL_CONFIG' => 'C:\\inetpub\\temp\\apppools\\UAT\\UAT.config'
    'APP_POOL_ID' => 'UAT'
    'CommonProgramFiles' => 'C:\\Program Files\\Common Files'
    'CommonProgramFiles(x86)' => 'C:\\Program Files (x86)\\Common Files'
    'CommonProgramW6432' => 'C:\\Program Files\\Common Files'
    'COMPUTERNAME' => 'KEKLF-HRM52'
    'ComSpec' => 'C:\\Windows\\system32\\cmd.exe'
    'DriverData' => 'C:\\Windows\\System32\\Drivers\\DriverData'
    'LOCALAPPDATA' => 'C:\\Windows\\system32\\config\\systemprofile\\AppData\\Local'
    'NUMBER_OF_PROCESSORS' => '4'
    'OS' => 'Windows_NT'
    'Path' => 'C:\\Windows\\system32;C:\\Windows;C:\\Windows\\System32\\Wbem;C:\\Windows\\System32\\WindowsPowerShell\\v1.0\\;C:\\Windows\\System32\\OpenSSH\\;C:\\Program Files\\Microsoft SQL Server\\Client SDK\\ODBC\\130\\Tools\\Binn\\;C:\\Program Files (x86)\\Microsoft SQL Server\\130\\Tools\\Binn\\;C:\\Program Files\\Microsoft SQL Server\\130\\Tools\\Binn\\;C:\\Program Files\\Microsoft SQL Server\\130\\DTS\\Binn\\;C:\\Program Files\\dotnet\\;C:\\Program Files (x86)\\dotnet\\;C:\\php-7.4;C:\\composer;C:\\Program Files\\Git\\cmd;C:\\Program Files\\Microsoft\\Web Platform Installer\\;C:\\Program Files (x86)\\GnuWin32\\bin;C:\\Program Files\\nodejs\\;C:\\Windows\\system32\\config\\systemprofile\\AppData\\Local\\Microsoft\\WindowsApps'
    'PATHEXT' => '.COM;.EXE;.BAT;.CMD;.VBS;.VBE;.JS;.JSE;.WSF;.WSH;.MSC'
    'PROCESSOR_ARCHITECTURE' => 'AMD64'
    'PROCESSOR_IDENTIFIER' => 'Intel64 Family 6 Model 62 Stepping 4, GenuineIntel'
    'PROCESSOR_LEVEL' => '6'
    'PROCESSOR_REVISION' => '3e04'
    'ProgramData' => 'C:\\ProgramData'
    'ProgramFiles' => 'C:\\Program Files'
    'ProgramFiles(x86)' => 'C:\\Program Files (x86)'
    'ProgramW6432' => 'C:\\Program Files'
    'PSModulePath' => 'C:\\Program Files\\WindowsPowerShell\\Modules;C:\\Windows\\system32\\WindowsPowerShell\\v1.0\\Modules;C:\\Program Files (x86)\\Microsoft SQL Server\\130\\Tools\\PowerShell\\Modules\\;C:\\Program Files\\Microsoft Dynamics 365 Business Central\\140\\Web Client\\Modules'
    'PUBLIC' => 'C:\\Users\\Public'
    'SystemDrive' => 'C:'
    'SystemRoot' => 'C:\\Windows'
    'TEMP' => 'C:\\Windows\\TEMP'
    'TMP' => 'C:\\Windows\\TEMP'
    'UATDATA' => 'C:\\Windows\\CCM\\UATData\\D9F8C395-CAB8-491d-B8AC-179A1FE1BE77'
    'USERDOMAIN' => 'KWTRP'
    'USERNAME' => 'KEKLF-HRM52$'
    'USERPROFILE' => 'C:\\Windows\\system32\\config\\systemprofile'
    'windir' => 'C:\\Windows'
    'ORIG_PATH_INFO' => '/index.php'
    'URL' => '/index.php'
    'SERVER_SOFTWARE' => 'Microsoft-IIS/10.0'
    'SERVER_PROTOCOL' => 'HTTP/1.1'
    'SERVER_PORT_SECURE' => '0'
    'SERVER_PORT' => '80'
    'SERVER_NAME' => 'localhost'
    'SCRIPT_NAME' => '/index.php'
    'SCRIPT_FILENAME' => 'C:\\inetpub\\wwwroot\\KEMRI-PHASE-II\\frontend\\web\\index.php'
    'REQUEST_URI' => '/grievance/update?Key=32%3BhOoAAAJ7%2F0cAUgBWADAAMAAwADEANA%3D%3D8%3B148520400%3B'
    'REQUEST_METHOD' => 'GET'
    'REMOTE_USER' => ''
    'REMOTE_PORT' => '53828'
    'REMOTE_HOST' => '::1'
    'REMOTE_ADDR' => '::1'
    'QUERY_STRING' => 'Key=32%3BhOoAAAJ7%2F0cAUgBWADAAMAAwADEANA%3D%3D8%3B148520400%3B'
    'PATH_TRANSLATED' => 'C:\\inetpub\\wwwroot\\KEMRI-PHASE-II\\frontend\\web\\index.php'
    'LOGON_USER' => ''
    'LOCAL_ADDR' => '::1'
    'INSTANCE_META_PATH' => '/LM/W3SVC/4'
    'INSTANCE_NAME' => 'UAT'
    'INSTANCE_ID' => '4'
    'HTTPS_SERVER_SUBJECT' => ''
    'HTTPS_SERVER_ISSUER' => ''
    'HTTPS_SECRETKEYSIZE' => ''
    'HTTPS_KEYSIZE' => ''
    'HTTPS' => 'off'
    'GATEWAY_INTERFACE' => 'CGI/1.1'
    'DOCUMENT_ROOT' => 'C:\\inetpub\\wwwroot\\KEMRI-PHASE-II\\frontend\\web'
    'CONTENT_TYPE' => ''
    'CONTENT_LENGTH' => '0'
    'CERT_SUBJECT' => ''
    'CERT_SERIALNUMBER' => ''
    'CERT_ISSUER' => ''
    'CERT_FLAGS' => ''
    'CERT_COOKIE' => ''
    'AUTH_USER' => ''
    'AUTH_PASSWORD' => ''
    'AUTH_TYPE' => ''
    'APPL_PHYSICAL_PATH' => 'C:\\inetpub\\wwwroot\\KEMRI-PHASE-II\\frontend\\web\\'
    'APPL_MD_PATH' => '/LM/W3SVC/4/ROOT'
    'IIS_UrlRewriteModule' => '7.1.1952.0'
    'WEBSOCKET_VERSION' => '13'
    'UNENCODED_URL' => '/grievance/update?Key=32%3BhOoAAAJ7%2F0cAUgBWADAAMAAwADEANA%3D%3D8%3B148520400%3B'
    'IIS_WasUrlRewritten' => '1'
    'HTTP_X_ORIGINAL_URL' => '/grievance/update?Key=32%3BhOoAAAJ7%2F0cAUgBWADAAMAAwADEANA%3D%3D8%3B148520400%3B'
    'HTTP_SEC_FETCH_DEST' => 'document'
    'HTTP_SEC_FETCH_USER' => '?1'
    'HTTP_SEC_FETCH_MODE' => 'navigate'
    'HTTP_SEC_FETCH_SITE' => 'same-origin'
    'HTTP_SEC_GPC' => '1'
    'HTTP_UPGRADE_INSECURE_REQUESTS' => '1'
    'HTTP_USER_AGENT' => 'Mozilla/5.0 (Windows NT 10.0; Win64; x64) AppleWebKit/537.36 (KHTML, like Gecko) Chrome/98.0.4758.102 Safari/537.36'
    'HTTP_REFERER' => 'http://localhost/grievance/index'
    'HTTP_HOST' => 'localhost'
    'HTTP_COOKIE' => 'PHPSESSID=s259g7es10ivjqpsm7rl3mmfpt; _csrf=e93c018422681712f17c93aa023aa542241078cbfae2862430d5f0aad0d8f2a6a%3A2%3A%7Bi%3A0%3Bs%3A5%3A%22_csrf%22%3Bi%3A1%3Bs%3A32%3A%22KPAt49exymBOWme7_ybuEF0RtwYsYCIj%22%3B%7D; advanced-frontend=je2hjdctp8ngli7udcnncs584q; _csrf-frontend=43382ed61b0b244fe70f95b80ce1f6f4f127a6d43df84a5f22925ca7e2135db9a%3A2%3A%7Bi%3A0%3Bs%3A14%3A%22_csrf-frontend%22%3Bi%3A1%3Bs%3A32%3A%226t5qpkUwKHo5k-ZC-Zir9eYpuJoGUq6e%22%3B%7D'
    'HTTP_ACCEPT_LANGUAGE' => 'en-US,en;q=0.9'
    'HTTP_ACCEPT_ENCODING' => 'gzip, deflate, br'
    'HTTP_ACCEPT' => 'text/html,application/xhtml+xml,application/xml;q=0.9,image/avif,image/webp,image/apng,*/*;q=0.8,application/signed-exchange;v=b3;q=0.9'
    'HTTP_CONTENT_LENGTH' => '0'
    'HTTP_CONNECTION' => 'keep-alive'
    'HTTP_CACHE_CONTROL' => 'max-age=0'
    'FCGI_ROLE' => 'RESPONDER'
    'PHP_SELF' => '/index.php'
    'REQUEST_TIME_FLOAT' => 1649036210.2901
    'REQUEST_TIME' => 1649036210
    'NAV_USERNAME' => 'SVC-HRMISADMIN'
    'NAV_PASSWORD' => 'j$8f!M9X(Wv2ZJ/='
    'NAV_SERVER' => 'keklf-hrm52'
    'WS_PORT' => '7047'
    'NAV_INSTANCE' => 'BC140'
    'NAV_COMPANY' => 'KWTRP%20LIVE'
    'NAV_DB_PREFIX' => 'KWTRP LIVE$'
    'FMS_SERVER' => 'keklf-fin05.kwtrp.org'
    'FMS_WS_PORT' => '7047'
    'FMS_INSTANCE' => 'FmsLIVE'
    'FMS_COMPANY' => 'KEMRI%20Wellcome%20Trust'
    'AD_PREFIX' => 'KWTRP'
    'AD_SERVER' => 'KEKLF-ADS03'
    'GENRAL_TITLE' => 'Employee - Self Service'
    'WELCOME_TEXT' => 'KEMRI WELLCOME TRUST ESS - DEV'
    'CLIENT_COMPANY' => 'KEMRI WELLCOME TRUST'
    'DEMO_COMPANY' => 'IANSOFT LTD'
    'VENDOR_COMPANY' => 'IANSOFT TECHNOLOGIES LTD'
    'POWERED' => 'Iansoft Ltd'
    'DB_INSTANCE' => 'KEKLF-SQL55\\POWERPIVOT'
    'DB_NAME' => 'KEMRI_HRMIS_UAT'
    'DB_USER' => 'ess'
    'DB_PWD' => 'ess123'
]
2022-04-04 20:30:22 [::1][KWTRP\SVC-HRMCN03][1buhltnkevch55vo3c77d4u44g][error][yii\base\ErrorException:8] yii\base\ErrorException: Undefined property: stdClass::$Employee_Name in C:\inetpub\wwwroot\KEMRI-PHASE-II\frontend\views\grievance\_form.php:186
Stack trace:
#0 C:\inetpub\wwwroot\KEMRI-PHASE-II\frontend\views\grievance\_form.php(186): yii\base\ErrorHandler->handleError()
#1 C:\inetpub\wwwroot\KEMRI-PHASE-II\vendor\yiisoft\yii2\base\View.php(348): require('C:\\inetpub\\wwwr...')
#2 C:\inetpub\wwwroot\KEMRI-PHASE-II\vendor\yiisoft\yii2\base\View.php(257): yii\base\View->renderPhpFile()
#3 C:\inetpub\wwwroot\KEMRI-PHASE-II\vendor\yiisoft\yii2\base\View.php(156): yii\base\View->renderFile()
#4 C:\inetpub\wwwroot\KEMRI-PHASE-II\frontend\views\grievance\update.php(30): yii\base\View->render()
#5 C:\inetpub\wwwroot\KEMRI-PHASE-II\vendor\yiisoft\yii2\base\View.php(348): require('C:\\inetpub\\wwwr...')
#6 C:\inetpub\wwwroot\KEMRI-PHASE-II\vendor\yiisoft\yii2\base\View.php(257): yii\base\View->renderPhpFile()
#7 C:\inetpub\wwwroot\KEMRI-PHASE-II\vendor\yiisoft\yii2\base\View.php(156): yii\base\View->renderFile()
#8 C:\inetpub\wwwroot\KEMRI-PHASE-II\vendor\yiisoft\yii2\base\Controller.php(410): yii\base\View->render()
#9 C:\inetpub\wwwroot\KEMRI-PHASE-II\frontend\controllers\grievanceController.php(143): yii\base\Controller->render()
#10 [internal function]: frontend\controllers\GrievanceController->actionUpdate()
#11 C:\inetpub\wwwroot\KEMRI-PHASE-II\vendor\yiisoft\yii2\base\InlineAction.php(57): call_user_func_array()
#12 C:\inetpub\wwwroot\KEMRI-PHASE-II\vendor\yiisoft\yii2\base\Controller.php(181): yii\base\InlineAction->runWithParams()
#13 C:\inetpub\wwwroot\KEMRI-PHASE-II\vendor\yiisoft\yii2\base\Module.php(534): yii\base\Controller->runAction()
#14 C:\inetpub\wwwroot\KEMRI-PHASE-II\vendor\yiisoft\yii2\web\Application.php(104): yii\base\Module->runAction()
#15 C:\inetpub\wwwroot\KEMRI-PHASE-II\vendor\yiisoft\yii2\base\Application.php(392): yii\web\Application->handleRequest()
#16 C:\inetpub\wwwroot\KEMRI-PHASE-II\frontend\web\index.php(17): yii\base\Application->run()
#17 {main}
2022-04-04 20:30:20 [::1][KWTRP\SVC-HRMCN03][1buhltnkevch55vo3c77d4u44g][info][application] $_GET = [
    'Key' => '32;hOoAAAJ7/0cAUgBWADAAMAAwADEANA==8;148520400;'
]

$_POST = []

$_FILES = []

$_COOKIE = [
    'PHPSESSID' => 's259g7es10ivjqpsm7rl3mmfpt'
    '_csrf' => 'e93c018422681712f17c93aa023aa542241078cbfae2862430d5f0aad0d8f2a6a:2:{i:0;s:5:\"_csrf\";i:1;s:32:\"KPAt49exymBOWme7_ybuEF0RtwYsYCIj\";}'
    'advanced-frontend' => '1buhltnkevch55vo3c77d4u44g'
    '_csrf-frontend' => '99dae4c0de8251412304f738a9e34fcd993b9a5fdcc5915ba102808d4f47fbc5a:2:{i:0;s:14:\"_csrf-frontend\";i:1;s:32:\"KPhNQxA7-2Y-hJgiaxH4neTxYvLXWzNV\";}'
]

$_SESSION = [
    '__flash' => []
    '__returnUrl' => 'http://localhost/grievance'
    'IdentityPassword' => '@francis123'
    'REQUISITION_NO' => 'JREQ-0000104'
    '__id' => 'KWTRP\\SVC-HRMCN03'
    '__expire' => 1649107820
]

$_SERVER = [
    '_FCGI_X_PIPE_' => '\\\\.\\pipe\\IISFCGI-2c978ce9-2013-4d35-a4da-a4830af61f5e'
    'ALLUSERSPROFILE' => 'C:\\ProgramData'
    'APPDATA' => 'C:\\Windows\\system32\\config\\systemprofile\\AppData\\Roaming'
    'APP_POOL_CONFIG' => 'C:\\inetpub\\temp\\apppools\\UAT\\UAT.config'
    'APP_POOL_ID' => 'UAT'
    'CommonProgramFiles' => 'C:\\Program Files\\Common Files'
    'CommonProgramFiles(x86)' => 'C:\\Program Files (x86)\\Common Files'
    'CommonProgramW6432' => 'C:\\Program Files\\Common Files'
    'COMPUTERNAME' => 'KEKLF-HRM52'
    'ComSpec' => 'C:\\Windows\\system32\\cmd.exe'
    'DriverData' => 'C:\\Windows\\System32\\Drivers\\DriverData'
    'LOCALAPPDATA' => 'C:\\Windows\\system32\\config\\systemprofile\\AppData\\Local'
    'NUMBER_OF_PROCESSORS' => '4'
    'OS' => 'Windows_NT'
    'Path' => 'C:\\Windows\\system32;C:\\Windows;C:\\Windows\\System32\\Wbem;C:\\Windows\\System32\\WindowsPowerShell\\v1.0\\;C:\\Windows\\System32\\OpenSSH\\;C:\\Program Files\\Microsoft SQL Server\\Client SDK\\ODBC\\130\\Tools\\Binn\\;C:\\Program Files (x86)\\Microsoft SQL Server\\130\\Tools\\Binn\\;C:\\Program Files\\Microsoft SQL Server\\130\\Tools\\Binn\\;C:\\Program Files\\Microsoft SQL Server\\130\\DTS\\Binn\\;C:\\Program Files\\dotnet\\;C:\\Program Files (x86)\\dotnet\\;C:\\php-7.4;C:\\composer;C:\\Program Files\\Git\\cmd;C:\\Program Files\\Microsoft\\Web Platform Installer\\;C:\\Program Files (x86)\\GnuWin32\\bin;C:\\Program Files\\nodejs\\;C:\\Windows\\system32\\config\\systemprofile\\AppData\\Local\\Microsoft\\WindowsApps'
    'PATHEXT' => '.COM;.EXE;.BAT;.CMD;.VBS;.VBE;.JS;.JSE;.WSF;.WSH;.MSC'
    'PROCESSOR_ARCHITECTURE' => 'AMD64'
    'PROCESSOR_IDENTIFIER' => 'Intel64 Family 6 Model 62 Stepping 4, GenuineIntel'
    'PROCESSOR_LEVEL' => '6'
    'PROCESSOR_REVISION' => '3e04'
    'ProgramData' => 'C:\\ProgramData'
    'ProgramFiles' => 'C:\\Program Files'
    'ProgramFiles(x86)' => 'C:\\Program Files (x86)'
    'ProgramW6432' => 'C:\\Program Files'
    'PSModulePath' => 'C:\\Program Files\\WindowsPowerShell\\Modules;C:\\Windows\\system32\\WindowsPowerShell\\v1.0\\Modules;C:\\Program Files (x86)\\Microsoft SQL Server\\130\\Tools\\PowerShell\\Modules\\;C:\\Program Files\\Microsoft Dynamics 365 Business Central\\140\\Web Client\\Modules'
    'PUBLIC' => 'C:\\Users\\Public'
    'SystemDrive' => 'C:'
    'SystemRoot' => 'C:\\Windows'
    'TEMP' => 'C:\\Windows\\TEMP'
    'TMP' => 'C:\\Windows\\TEMP'
    'UATDATA' => 'C:\\Windows\\CCM\\UATData\\D9F8C395-CAB8-491d-B8AC-179A1FE1BE77'
    'USERDOMAIN' => 'KWTRP'
    'USERNAME' => 'KEKLF-HRM52$'
    'USERPROFILE' => 'C:\\Windows\\system32\\config\\systemprofile'
    'windir' => 'C:\\Windows'
    'ORIG_PATH_INFO' => '/index.php'
    'URL' => '/index.php'
    'SERVER_SOFTWARE' => 'Microsoft-IIS/10.0'
    'SERVER_PROTOCOL' => 'HTTP/1.1'
    'SERVER_PORT_SECURE' => '0'
    'SERVER_PORT' => '80'
    'SERVER_NAME' => 'localhost'
    'SCRIPT_NAME' => '/index.php'
    'SCRIPT_FILENAME' => 'C:\\inetpub\\wwwroot\\KEMRI-PHASE-II\\frontend\\web\\index.php'
    'REQUEST_URI' => '/grievance/update?Key=32%3BhOoAAAJ7%2F0cAUgBWADAAMAAwADEANA%3D%3D8%3B148520400%3B'
    'REQUEST_METHOD' => 'GET'
    'REMOTE_USER' => ''
    'REMOTE_PORT' => '49726'
    'REMOTE_HOST' => '::1'
    'REMOTE_ADDR' => '::1'
    'QUERY_STRING' => 'Key=32%3BhOoAAAJ7%2F0cAUgBWADAAMAAwADEANA%3D%3D8%3B148520400%3B'
    'PATH_TRANSLATED' => 'C:\\inetpub\\wwwroot\\KEMRI-PHASE-II\\frontend\\web\\index.php'
    'LOGON_USER' => ''
    'LOCAL_ADDR' => '::1'
    'INSTANCE_META_PATH' => '/LM/W3SVC/4'
    'INSTANCE_NAME' => 'UAT'
    'INSTANCE_ID' => '4'
    'HTTPS_SERVER_SUBJECT' => ''
    'HTTPS_SERVER_ISSUER' => ''
    'HTTPS_SECRETKEYSIZE' => ''
    'HTTPS_KEYSIZE' => ''
    'HTTPS' => 'off'
    'GATEWAY_INTERFACE' => 'CGI/1.1'
    'DOCUMENT_ROOT' => 'C:\\inetpub\\wwwroot\\KEMRI-PHASE-II\\frontend\\web'
    'CONTENT_TYPE' => ''
    'CONTENT_LENGTH' => '0'
    'CERT_SUBJECT' => ''
    'CERT_SERIALNUMBER' => ''
    'CERT_ISSUER' => ''
    'CERT_FLAGS' => ''
    'CERT_COOKIE' => ''
    'AUTH_USER' => ''
    'AUTH_PASSWORD' => ''
    'AUTH_TYPE' => ''
    'APPL_PHYSICAL_PATH' => 'C:\\inetpub\\wwwroot\\KEMRI-PHASE-II\\frontend\\web\\'
    'APPL_MD_PATH' => '/LM/W3SVC/4/ROOT'
    'IIS_UrlRewriteModule' => '7.1.1952.0'
    'WEBSOCKET_VERSION' => '13'
    'UNENCODED_URL' => '/grievance/update?Key=32%3BhOoAAAJ7%2F0cAUgBWADAAMAAwADEANA%3D%3D8%3B148520400%3B'
    'IIS_WasUrlRewritten' => '1'
    'HTTP_X_ORIGINAL_URL' => '/grievance/update?Key=32%3BhOoAAAJ7%2F0cAUgBWADAAMAAwADEANA%3D%3D8%3B148520400%3B'
    'HTTP_SEC_FETCH_DEST' => 'document'
    'HTTP_SEC_FETCH_USER' => '?1'
    'HTTP_SEC_FETCH_MODE' => 'navigate'
    'HTTP_SEC_FETCH_SITE' => 'same-origin'
    'HTTP_SEC_GPC' => '1'
    'HTTP_UPGRADE_INSECURE_REQUESTS' => '1'
    'HTTP_USER_AGENT' => 'Mozilla/5.0 (Windows NT 10.0; Win64; x64) AppleWebKit/537.36 (KHTML, like Gecko) Chrome/98.0.4758.102 Safari/537.36'
    'HTTP_REFERER' => 'http://localhost/grievance/update?Key=32%3BhOoAAAJ7%2F0cAUgBWADAAMAAwADEANA%3D%3D8%3B148520400%3B'
    'HTTP_HOST' => 'localhost'
    'HTTP_COOKIE' => 'PHPSESSID=s259g7es10ivjqpsm7rl3mmfpt; _csrf=e93c018422681712f17c93aa023aa542241078cbfae2862430d5f0aad0d8f2a6a%3A2%3A%7Bi%3A0%3Bs%3A5%3A%22_csrf%22%3Bi%3A1%3Bs%3A32%3A%22KPAt49exymBOWme7_ybuEF0RtwYsYCIj%22%3B%7D; advanced-frontend=1buhltnkevch55vo3c77d4u44g; _csrf-frontend=99dae4c0de8251412304f738a9e34fcd993b9a5fdcc5915ba102808d4f47fbc5a%3A2%3A%7Bi%3A0%3Bs%3A14%3A%22_csrf-frontend%22%3Bi%3A1%3Bs%3A32%3A%22KPhNQxA7-2Y-hJgiaxH4neTxYvLXWzNV%22%3B%7D'
    'HTTP_ACCEPT_LANGUAGE' => 'en-US,en;q=0.9'
    'HTTP_ACCEPT_ENCODING' => 'gzip, deflate, br'
    'HTTP_ACCEPT' => 'text/html,application/xhtml+xml,application/xml;q=0.9,image/avif,image/webp,image/apng,*/*;q=0.8,application/signed-exchange;v=b3;q=0.9'
    'HTTP_CONTENT_LENGTH' => '0'
    'HTTP_CONNECTION' => 'keep-alive'
    'HTTP_CACHE_CONTROL' => 'max-age=0'
    'FCGI_ROLE' => 'RESPONDER'
    'PHP_SELF' => '/index.php'
    'REQUEST_TIME_FLOAT' => 1649104219.98
    'REQUEST_TIME' => 1649104219
    'NAV_USERNAME' => 'SVC-HRMISADMIN'
    'NAV_PASSWORD' => 'j$8f!M9X(Wv2ZJ/='
    'NAV_SERVER' => 'keklf-hrm52'
    'WS_PORT' => '7047'
    'NAV_INSTANCE' => 'BC140'
    'NAV_COMPANY' => 'KWTRP%20LIVE'
    'NAV_DB_PREFIX' => 'KWTRP LIVE$'
    'FMS_SERVER' => 'keklf-fin05.kwtrp.org'
    'FMS_WS_PORT' => '7047'
    'FMS_INSTANCE' => 'FmsLIVE'
    'FMS_COMPANY' => 'KEMRI%20Wellcome%20Trust'
    'AD_PREFIX' => 'KWTRP'
    'AD_SERVER' => 'KEKLF-ADS03'
    'GENRAL_TITLE' => 'Employee - Self Service'
    'WELCOME_TEXT' => 'KEMRI WELLCOME TRUST ESS - DEV'
    'CLIENT_COMPANY' => 'KEMRI WELLCOME TRUST'
    'DEMO_COMPANY' => 'IANSOFT LTD'
    'VENDOR_COMPANY' => 'IANSOFT TECHNOLOGIES LTD'
    'POWERED' => 'Iansoft Ltd'
    'DB_INSTANCE' => 'KEKLF-SQL55\\POWERPIVOT'
    'DB_NAME' => 'KEMRI_HRMIS_UAT'
    'DB_USER' => 'ess'
    'DB_PWD' => 'ess123'
]
2022-04-04 20:31:28 [::1][KWTRP\SVC-HRMCN03][1buhltnkevch55vo3c77d4u44g][error][yii\base\ErrorException:8] yii\base\ErrorException: Undefined property: stdClass::$Employee_Name in C:\inetpub\wwwroot\KEMRI-PHASE-II\frontend\views\grievance\_form.php:186
Stack trace:
#0 C:\inetpub\wwwroot\KEMRI-PHASE-II\frontend\views\grievance\_form.php(186): yii\base\ErrorHandler->handleError()
#1 C:\inetpub\wwwroot\KEMRI-PHASE-II\vendor\yiisoft\yii2\base\View.php(348): require('C:\\inetpub\\wwwr...')
#2 C:\inetpub\wwwroot\KEMRI-PHASE-II\vendor\yiisoft\yii2\base\View.php(257): yii\base\View->renderPhpFile()
#3 C:\inetpub\wwwroot\KEMRI-PHASE-II\vendor\yiisoft\yii2\base\View.php(156): yii\base\View->renderFile()
#4 C:\inetpub\wwwroot\KEMRI-PHASE-II\frontend\views\grievance\update.php(30): yii\base\View->render()
#5 C:\inetpub\wwwroot\KEMRI-PHASE-II\vendor\yiisoft\yii2\base\View.php(348): require('C:\\inetpub\\wwwr...')
#6 C:\inetpub\wwwroot\KEMRI-PHASE-II\vendor\yiisoft\yii2\base\View.php(257): yii\base\View->renderPhpFile()
#7 C:\inetpub\wwwroot\KEMRI-PHASE-II\vendor\yiisoft\yii2\base\View.php(156): yii\base\View->renderFile()
#8 C:\inetpub\wwwroot\KEMRI-PHASE-II\vendor\yiisoft\yii2\base\Controller.php(410): yii\base\View->render()
#9 C:\inetpub\wwwroot\KEMRI-PHASE-II\frontend\controllers\grievanceController.php(143): yii\base\Controller->render()
#10 [internal function]: frontend\controllers\GrievanceController->actionUpdate()
#11 C:\inetpub\wwwroot\KEMRI-PHASE-II\vendor\yiisoft\yii2\base\InlineAction.php(57): call_user_func_array()
#12 C:\inetpub\wwwroot\KEMRI-PHASE-II\vendor\yiisoft\yii2\base\Controller.php(181): yii\base\InlineAction->runWithParams()
#13 C:\inetpub\wwwroot\KEMRI-PHASE-II\vendor\yiisoft\yii2\base\Module.php(534): yii\base\Controller->runAction()
#14 C:\inetpub\wwwroot\KEMRI-PHASE-II\vendor\yiisoft\yii2\web\Application.php(104): yii\base\Module->runAction()
#15 C:\inetpub\wwwroot\KEMRI-PHASE-II\vendor\yiisoft\yii2\base\Application.php(392): yii\web\Application->handleRequest()
#16 C:\inetpub\wwwroot\KEMRI-PHASE-II\frontend\web\index.php(17): yii\base\Application->run()
#17 {main}
2022-04-04 20:31:26 [::1][KWTRP\SVC-HRMCN03][1buhltnkevch55vo3c77d4u44g][info][application] $_GET = [
    'Key' => '32;hOoAAAJ7/0cAUgBWADAAMAAwADEANA==8;148520400;'
]

$_POST = []

$_FILES = []

$_COOKIE = [
    'PHPSESSID' => 's259g7es10ivjqpsm7rl3mmfpt'
    '_csrf' => 'e93c018422681712f17c93aa023aa542241078cbfae2862430d5f0aad0d8f2a6a:2:{i:0;s:5:\"_csrf\";i:1;s:32:\"KPAt49exymBOWme7_ybuEF0RtwYsYCIj\";}'
    'advanced-frontend' => '1buhltnkevch55vo3c77d4u44g'
    '_csrf-frontend' => '99dae4c0de8251412304f738a9e34fcd993b9a5fdcc5915ba102808d4f47fbc5a:2:{i:0;s:14:\"_csrf-frontend\";i:1;s:32:\"KPhNQxA7-2Y-hJgiaxH4neTxYvLXWzNV\";}'
]

$_SESSION = [
    '__flash' => []
    '__returnUrl' => 'http://localhost/grievance'
    'IdentityPassword' => '@francis123'
    'REQUISITION_NO' => 'JREQ-0000104'
    '__id' => 'KWTRP\\SVC-HRMCN03'
    '__expire' => 1649107886
]

$_SERVER = [
    '_FCGI_X_PIPE_' => '\\\\.\\pipe\\IISFCGI-2c978ce9-2013-4d35-a4da-a4830af61f5e'
    'ALLUSERSPROFILE' => 'C:\\ProgramData'
    'APPDATA' => 'C:\\Windows\\system32\\config\\systemprofile\\AppData\\Roaming'
    'APP_POOL_CONFIG' => 'C:\\inetpub\\temp\\apppools\\UAT\\UAT.config'
    'APP_POOL_ID' => 'UAT'
    'CommonProgramFiles' => 'C:\\Program Files\\Common Files'
    'CommonProgramFiles(x86)' => 'C:\\Program Files (x86)\\Common Files'
    'CommonProgramW6432' => 'C:\\Program Files\\Common Files'
    'COMPUTERNAME' => 'KEKLF-HRM52'
    'ComSpec' => 'C:\\Windows\\system32\\cmd.exe'
    'DriverData' => 'C:\\Windows\\System32\\Drivers\\DriverData'
    'LOCALAPPDATA' => 'C:\\Windows\\system32\\config\\systemprofile\\AppData\\Local'
    'NUMBER_OF_PROCESSORS' => '4'
    'OS' => 'Windows_NT'
    'Path' => 'C:\\Windows\\system32;C:\\Windows;C:\\Windows\\System32\\Wbem;C:\\Windows\\System32\\WindowsPowerShell\\v1.0\\;C:\\Windows\\System32\\OpenSSH\\;C:\\Program Files\\Microsoft SQL Server\\Client SDK\\ODBC\\130\\Tools\\Binn\\;C:\\Program Files (x86)\\Microsoft SQL Server\\130\\Tools\\Binn\\;C:\\Program Files\\Microsoft SQL Server\\130\\Tools\\Binn\\;C:\\Program Files\\Microsoft SQL Server\\130\\DTS\\Binn\\;C:\\Program Files\\dotnet\\;C:\\Program Files (x86)\\dotnet\\;C:\\php-7.4;C:\\composer;C:\\Program Files\\Git\\cmd;C:\\Program Files\\Microsoft\\Web Platform Installer\\;C:\\Program Files (x86)\\GnuWin32\\bin;C:\\Program Files\\nodejs\\;C:\\Windows\\system32\\config\\systemprofile\\AppData\\Local\\Microsoft\\WindowsApps'
    'PATHEXT' => '.COM;.EXE;.BAT;.CMD;.VBS;.VBE;.JS;.JSE;.WSF;.WSH;.MSC'
    'PROCESSOR_ARCHITECTURE' => 'AMD64'
    'PROCESSOR_IDENTIFIER' => 'Intel64 Family 6 Model 62 Stepping 4, GenuineIntel'
    'PROCESSOR_LEVEL' => '6'
    'PROCESSOR_REVISION' => '3e04'
    'ProgramData' => 'C:\\ProgramData'
    'ProgramFiles' => 'C:\\Program Files'
    'ProgramFiles(x86)' => 'C:\\Program Files (x86)'
    'ProgramW6432' => 'C:\\Program Files'
    'PSModulePath' => 'C:\\Program Files\\WindowsPowerShell\\Modules;C:\\Windows\\system32\\WindowsPowerShell\\v1.0\\Modules;C:\\Program Files (x86)\\Microsoft SQL Server\\130\\Tools\\PowerShell\\Modules\\;C:\\Program Files\\Microsoft Dynamics 365 Business Central\\140\\Web Client\\Modules'
    'PUBLIC' => 'C:\\Users\\Public'
    'SystemDrive' => 'C:'
    'SystemRoot' => 'C:\\Windows'
    'TEMP' => 'C:\\Windows\\TEMP'
    'TMP' => 'C:\\Windows\\TEMP'
    'UATDATA' => 'C:\\Windows\\CCM\\UATData\\D9F8C395-CAB8-491d-B8AC-179A1FE1BE77'
    'USERDOMAIN' => 'KWTRP'
    'USERNAME' => 'KEKLF-HRM52$'
    'USERPROFILE' => 'C:\\Windows\\system32\\config\\systemprofile'
    'windir' => 'C:\\Windows'
    'ORIG_PATH_INFO' => '/index.php'
    'URL' => '/index.php'
    'SERVER_SOFTWARE' => 'Microsoft-IIS/10.0'
    'SERVER_PROTOCOL' => 'HTTP/1.1'
    'SERVER_PORT_SECURE' => '0'
    'SERVER_PORT' => '80'
    'SERVER_NAME' => 'localhost'
    'SCRIPT_NAME' => '/index.php'
    'SCRIPT_FILENAME' => 'C:\\inetpub\\wwwroot\\KEMRI-PHASE-II\\frontend\\web\\index.php'
    'REQUEST_URI' => '/grievance/update?Key=32%3BhOoAAAJ7%2F0cAUgBWADAAMAAwADEANA%3D%3D8%3B148520400%3B'
    'REQUEST_METHOD' => 'GET'
    'REMOTE_USER' => ''
    'REMOTE_PORT' => '49726'
    'REMOTE_HOST' => '::1'
    'REMOTE_ADDR' => '::1'
    'QUERY_STRING' => 'Key=32%3BhOoAAAJ7%2F0cAUgBWADAAMAAwADEANA%3D%3D8%3B148520400%3B'
    'PATH_TRANSLATED' => 'C:\\inetpub\\wwwroot\\KEMRI-PHASE-II\\frontend\\web\\index.php'
    'LOGON_USER' => ''
    'LOCAL_ADDR' => '::1'
    'INSTANCE_META_PATH' => '/LM/W3SVC/4'
    'INSTANCE_NAME' => 'UAT'
    'INSTANCE_ID' => '4'
    'HTTPS_SERVER_SUBJECT' => ''
    'HTTPS_SERVER_ISSUER' => ''
    'HTTPS_SECRETKEYSIZE' => ''
    'HTTPS_KEYSIZE' => ''
    'HTTPS' => 'off'
    'GATEWAY_INTERFACE' => 'CGI/1.1'
    'DOCUMENT_ROOT' => 'C:\\inetpub\\wwwroot\\KEMRI-PHASE-II\\frontend\\web'
    'CONTENT_TYPE' => ''
    'CONTENT_LENGTH' => '0'
    'CERT_SUBJECT' => ''
    'CERT_SERIALNUMBER' => ''
    'CERT_ISSUER' => ''
    'CERT_FLAGS' => ''
    'CERT_COOKIE' => ''
    'AUTH_USER' => ''
    'AUTH_PASSWORD' => ''
    'AUTH_TYPE' => ''
    'APPL_PHYSICAL_PATH' => 'C:\\inetpub\\wwwroot\\KEMRI-PHASE-II\\frontend\\web\\'
    'APPL_MD_PATH' => '/LM/W3SVC/4/ROOT'
    'IIS_UrlRewriteModule' => '7.1.1952.0'
    'WEBSOCKET_VERSION' => '13'
    'UNENCODED_URL' => '/grievance/update?Key=32%3BhOoAAAJ7%2F0cAUgBWADAAMAAwADEANA%3D%3D8%3B148520400%3B'
    'IIS_WasUrlRewritten' => '1'
    'HTTP_X_ORIGINAL_URL' => '/grievance/update?Key=32%3BhOoAAAJ7%2F0cAUgBWADAAMAAwADEANA%3D%3D8%3B148520400%3B'
    'HTTP_SEC_FETCH_DEST' => 'document'
    'HTTP_SEC_FETCH_USER' => '?1'
    'HTTP_SEC_FETCH_MODE' => 'navigate'
    'HTTP_SEC_FETCH_SITE' => 'same-origin'
    'HTTP_SEC_GPC' => '1'
    'HTTP_UPGRADE_INSECURE_REQUESTS' => '1'
    'HTTP_USER_AGENT' => 'Mozilla/5.0 (Windows NT 10.0; Win64; x64) AppleWebKit/537.36 (KHTML, like Gecko) Chrome/98.0.4758.102 Safari/537.36'
    'HTTP_REFERER' => 'http://localhost/grievance/update?Key=32%3BhOoAAAJ7%2F0cAUgBWADAAMAAwADEANA%3D%3D8%3B148520400%3B'
    'HTTP_HOST' => 'localhost'
    'HTTP_COOKIE' => 'PHPSESSID=s259g7es10ivjqpsm7rl3mmfpt; _csrf=e93c018422681712f17c93aa023aa542241078cbfae2862430d5f0aad0d8f2a6a%3A2%3A%7Bi%3A0%3Bs%3A5%3A%22_csrf%22%3Bi%3A1%3Bs%3A32%3A%22KPAt49exymBOWme7_ybuEF0RtwYsYCIj%22%3B%7D; advanced-frontend=1buhltnkevch55vo3c77d4u44g; _csrf-frontend=99dae4c0de8251412304f738a9e34fcd993b9a5fdcc5915ba102808d4f47fbc5a%3A2%3A%7Bi%3A0%3Bs%3A14%3A%22_csrf-frontend%22%3Bi%3A1%3Bs%3A32%3A%22KPhNQxA7-2Y-hJgiaxH4neTxYvLXWzNV%22%3B%7D'
    'HTTP_ACCEPT_LANGUAGE' => 'en-US,en;q=0.9'
    'HTTP_ACCEPT_ENCODING' => 'gzip, deflate, br'
    'HTTP_ACCEPT' => 'text/html,application/xhtml+xml,application/xml;q=0.9,image/avif,image/webp,image/apng,*/*;q=0.8,application/signed-exchange;v=b3;q=0.9'
    'HTTP_CONTENT_LENGTH' => '0'
    'HTTP_CONNECTION' => 'keep-alive'
    'HTTP_CACHE_CONTROL' => 'max-age=0'
    'FCGI_ROLE' => 'RESPONDER'
    'PHP_SELF' => '/index.php'
    'REQUEST_TIME_FLOAT' => 1649104286.1052
    'REQUEST_TIME' => 1649104286
    'NAV_USERNAME' => 'SVC-HRMISADMIN'
    'NAV_PASSWORD' => 'j$8f!M9X(Wv2ZJ/='
    'NAV_SERVER' => 'keklf-hrm52'
    'WS_PORT' => '7047'
    'NAV_INSTANCE' => 'BC140'
    'NAV_COMPANY' => 'KWTRP%20LIVE'
    'NAV_DB_PREFIX' => 'KWTRP LIVE$'
    'FMS_SERVER' => 'keklf-fin05.kwtrp.org'
    'FMS_WS_PORT' => '7047'
    'FMS_INSTANCE' => 'FmsLIVE'
    'FMS_COMPANY' => 'KEMRI%20Wellcome%20Trust'
    'AD_PREFIX' => 'KWTRP'
    'AD_SERVER' => 'KEKLF-ADS03'
    'GENRAL_TITLE' => 'Employee - Self Service'
    'WELCOME_TEXT' => 'KEMRI WELLCOME TRUST ESS - DEV'
    'CLIENT_COMPANY' => 'KEMRI WELLCOME TRUST'
    'DEMO_COMPANY' => 'IANSOFT LTD'
    'VENDOR_COMPANY' => 'IANSOFT TECHNOLOGIES LTD'
    'POWERED' => 'Iansoft Ltd'
    'DB_INSTANCE' => 'KEKLF-SQL55\\POWERPIVOT'
    'DB_NAME' => 'KEMRI_HRMIS_UAT'
    'DB_USER' => 'ess'
    'DB_PWD' => 'ess123'
]
2022-04-04 20:33:10 [::1][KWTRP\SVC-HRMCN03][1buhltnkevch55vo3c77d4u44g][error][yii\base\ErrorException:8] yii\base\ErrorException: Undefined index: GrievanceWitnesses in C:\inetpub\wwwroot\KEMRI-PHASE-II\common\Library\Navhelper.php:116
Stack trace:
#0 C:\inetpub\wwwroot\KEMRI-PHASE-II\common\Library\Navhelper.php(116): yii\base\ErrorHandler->handleError()
#1 C:\inetpub\wwwroot\KEMRI-PHASE-II\frontend\controllers\grievanceController.php(601): common\library\Navhelper->readByKey()
#2 [internal function]: frontend\controllers\GrievanceController->actionCommit()
#3 C:\inetpub\wwwroot\KEMRI-PHASE-II\vendor\yiisoft\yii2\base\InlineAction.php(57): call_user_func_array()
#4 C:\inetpub\wwwroot\KEMRI-PHASE-II\vendor\yiisoft\yii2\base\Controller.php(181): yii\base\InlineAction->runWithParams()
#5 C:\inetpub\wwwroot\KEMRI-PHASE-II\vendor\yiisoft\yii2\base\Module.php(534): yii\base\Controller->runAction()
#6 C:\inetpub\wwwroot\KEMRI-PHASE-II\vendor\yiisoft\yii2\web\Application.php(104): yii\base\Module->runAction()
#7 C:\inetpub\wwwroot\KEMRI-PHASE-II\vendor\yiisoft\yii2\base\Application.php(392): yii\web\Application->handleRequest()
#8 C:\inetpub\wwwroot\KEMRI-PHASE-II\frontend\web\index.php(17): yii\base\Application->run()
#9 {main}
2022-04-04 20:33:10 [::1][KWTRP\SVC-HRMCN03][1buhltnkevch55vo3c77d4u44g][info][application] $_GET = []

$_POST = [
    'name' => 'Employee_No'
    'service' => 'GrievanceWitnesses'
    'value' => '50083'
]

$_FILES = []

$_COOKIE = [
    'PHPSESSID' => 's259g7es10ivjqpsm7rl3mmfpt'
    '_csrf' => 'e93c018422681712f17c93aa023aa542241078cbfae2862430d5f0aad0d8f2a6a:2:{i:0;s:5:\"_csrf\";i:1;s:32:\"KPAt49exymBOWme7_ybuEF0RtwYsYCIj\";}'
    'advanced-frontend' => '1buhltnkevch55vo3c77d4u44g'
    '_csrf-frontend' => '99dae4c0de8251412304f738a9e34fcd993b9a5fdcc5915ba102808d4f47fbc5a:2:{i:0;s:14:\"_csrf-frontend\";i:1;s:32:\"KPhNQxA7-2Y-hJgiaxH4neTxYvLXWzNV\";}'
]

$_SESSION = [
    '__flash' => []
    '__returnUrl' => 'http://localhost/grievance'
    'IdentityPassword' => '@francis123'
    'REQUISITION_NO' => 'JREQ-0000104'
    '__id' => 'KWTRP\\SVC-HRMCN03'
    '__expire' => 1649107990
]

$_SERVER = [
    '_FCGI_X_PIPE_' => '\\\\.\\pipe\\IISFCGI-2c978ce9-2013-4d35-a4da-a4830af61f5e'
    'ALLUSERSPROFILE' => 'C:\\ProgramData'
    'APPDATA' => 'C:\\Windows\\system32\\config\\systemprofile\\AppData\\Roaming'
    'APP_POOL_CONFIG' => 'C:\\inetpub\\temp\\apppools\\UAT\\UAT.config'
    'APP_POOL_ID' => 'UAT'
    'CommonProgramFiles' => 'C:\\Program Files\\Common Files'
    'CommonProgramFiles(x86)' => 'C:\\Program Files (x86)\\Common Files'
    'CommonProgramW6432' => 'C:\\Program Files\\Common Files'
    'COMPUTERNAME' => 'KEKLF-HRM52'
    'ComSpec' => 'C:\\Windows\\system32\\cmd.exe'
    'DriverData' => 'C:\\Windows\\System32\\Drivers\\DriverData'
    'LOCALAPPDATA' => 'C:\\Windows\\system32\\config\\systemprofile\\AppData\\Local'
    'NUMBER_OF_PROCESSORS' => '4'
    'OS' => 'Windows_NT'
    'Path' => 'C:\\Windows\\system32;C:\\Windows;C:\\Windows\\System32\\Wbem;C:\\Windows\\System32\\WindowsPowerShell\\v1.0\\;C:\\Windows\\System32\\OpenSSH\\;C:\\Program Files\\Microsoft SQL Server\\Client SDK\\ODBC\\130\\Tools\\Binn\\;C:\\Program Files (x86)\\Microsoft SQL Server\\130\\Tools\\Binn\\;C:\\Program Files\\Microsoft SQL Server\\130\\Tools\\Binn\\;C:\\Program Files\\Microsoft SQL Server\\130\\DTS\\Binn\\;C:\\Program Files\\dotnet\\;C:\\Program Files (x86)\\dotnet\\;C:\\php-7.4;C:\\composer;C:\\Program Files\\Git\\cmd;C:\\Program Files\\Microsoft\\Web Platform Installer\\;C:\\Program Files (x86)\\GnuWin32\\bin;C:\\Program Files\\nodejs\\;C:\\Windows\\system32\\config\\systemprofile\\AppData\\Local\\Microsoft\\WindowsApps'
    'PATHEXT' => '.COM;.EXE;.BAT;.CMD;.VBS;.VBE;.JS;.JSE;.WSF;.WSH;.MSC'
    'PROCESSOR_ARCHITECTURE' => 'AMD64'
    'PROCESSOR_IDENTIFIER' => 'Intel64 Family 6 Model 62 Stepping 4, GenuineIntel'
    'PROCESSOR_LEVEL' => '6'
    'PROCESSOR_REVISION' => '3e04'
    'ProgramData' => 'C:\\ProgramData'
    'ProgramFiles' => 'C:\\Program Files'
    'ProgramFiles(x86)' => 'C:\\Program Files (x86)'
    'ProgramW6432' => 'C:\\Program Files'
    'PSModulePath' => 'C:\\Program Files\\WindowsPowerShell\\Modules;C:\\Windows\\system32\\WindowsPowerShell\\v1.0\\Modules;C:\\Program Files (x86)\\Microsoft SQL Server\\130\\Tools\\PowerShell\\Modules\\;C:\\Program Files\\Microsoft Dynamics 365 Business Central\\140\\Web Client\\Modules'
    'PUBLIC' => 'C:\\Users\\Public'
    'SystemDrive' => 'C:'
    'SystemRoot' => 'C:\\Windows'
    'TEMP' => 'C:\\Windows\\TEMP'
    'TMP' => 'C:\\Windows\\TEMP'
    'UATDATA' => 'C:\\Windows\\CCM\\UATData\\D9F8C395-CAB8-491d-B8AC-179A1FE1BE77'
    'USERDOMAIN' => 'KWTRP'
    'USERNAME' => 'KEKLF-HRM52$'
    'USERPROFILE' => 'C:\\Windows\\system32\\config\\systemprofile'
    'windir' => 'C:\\Windows'
    'ORIG_PATH_INFO' => '/index.php'
    'URL' => '/index.php'
    'SERVER_SOFTWARE' => 'Microsoft-IIS/10.0'
    'SERVER_PROTOCOL' => 'HTTP/1.1'
    'SERVER_PORT_SECURE' => '0'
    'SERVER_PORT' => '80'
    'SERVER_NAME' => 'localhost'
    'SCRIPT_NAME' => '/index.php'
    'SCRIPT_FILENAME' => 'C:\\inetpub\\wwwroot\\KEMRI-PHASE-II\\frontend\\web\\index.php'
    'REQUEST_URI' => '/grievance/commit'
    'REQUEST_METHOD' => 'POST'
    'REMOTE_USER' => ''
    'REMOTE_PORT' => '49726'
    'REMOTE_HOST' => '::1'
    'REMOTE_ADDR' => '::1'
    'QUERY_STRING' => ''
    'PATH_TRANSLATED' => 'C:\\inetpub\\wwwroot\\KEMRI-PHASE-II\\frontend\\web\\index.php'
    'LOGON_USER' => ''
    'LOCAL_ADDR' => '::1'
    'INSTANCE_META_PATH' => '/LM/W3SVC/4'
    'INSTANCE_NAME' => 'UAT'
    'INSTANCE_ID' => '4'
    'HTTPS_SERVER_SUBJECT' => ''
    'HTTPS_SERVER_ISSUER' => ''
    'HTTPS_SECRETKEYSIZE' => ''
    'HTTPS_KEYSIZE' => ''
    'HTTPS' => 'off'
    'GATEWAY_INTERFACE' => 'CGI/1.1'
    'DOCUMENT_ROOT' => 'C:\\inetpub\\wwwroot\\KEMRI-PHASE-II\\frontend\\web'
    'CONTENT_TYPE' => 'application/x-www-form-urlencoded; charset=UTF-8'
    'CONTENT_LENGTH' => '55'
    'CERT_SUBJECT' => ''
    'CERT_SERIALNUMBER' => ''
    'CERT_ISSUER' => ''
    'CERT_FLAGS' => ''
    'CERT_COOKIE' => ''
    'AUTH_USER' => ''
    'AUTH_PASSWORD' => ''
    'AUTH_TYPE' => ''
    'APPL_PHYSICAL_PATH' => 'C:\\inetpub\\wwwroot\\KEMRI-PHASE-II\\frontend\\web\\'
    'APPL_MD_PATH' => '/LM/W3SVC/4/ROOT'
    'IIS_UrlRewriteModule' => '7.1.1952.0'
    'WEBSOCKET_VERSION' => '13'
    'UNENCODED_URL' => '/grievance/commit'
    'IIS_WasUrlRewritten' => '1'
    'HTTP_X_ORIGINAL_URL' => '/grievance/commit'
    'HTTP_SEC_FETCH_DEST' => 'empty'
    'HTTP_SEC_FETCH_MODE' => 'cors'
    'HTTP_SEC_FETCH_SITE' => 'same-origin'
    'HTTP_ORIGIN' => 'http://localhost'
    'HTTP_SEC_GPC' => '1'
    'HTTP_X_REQUESTED_WITH' => 'XMLHttpRequest'
    'HTTP_X_CSRF_TOKEN' => 'optlILv0ZYx5LIIMfE-pzsVkCa7Dakr8TIerle6oBejpyw1u6owku1Qe2yEUBc6npBxBmq0PHoQV8efNudJLvg=='
    'HTTP_USER_AGENT' => 'Mozilla/5.0 (Windows NT 10.0; Win64; x64) AppleWebKit/537.36 (KHTML, like Gecko) Chrome/98.0.4758.102 Safari/537.36'
    'HTTP_REFERER' => 'http://localhost/grievance/update?Key=32%3BhOoAAAJ7%2F0cAUgBWADAAMAAwADEANA%3D%3D8%3B148520400%3B'
    'HTTP_HOST' => 'localhost'
    'HTTP_COOKIE' => 'PHPSESSID=s259g7es10ivjqpsm7rl3mmfpt; _csrf=e93c018422681712f17c93aa023aa542241078cbfae2862430d5f0aad0d8f2a6a%3A2%3A%7Bi%3A0%3Bs%3A5%3A%22_csrf%22%3Bi%3A1%3Bs%3A32%3A%22KPAt49exymBOWme7_ybuEF0RtwYsYCIj%22%3B%7D; advanced-frontend=1buhltnkevch55vo3c77d4u44g; _csrf-frontend=99dae4c0de8251412304f738a9e34fcd993b9a5fdcc5915ba102808d4f47fbc5a%3A2%3A%7Bi%3A0%3Bs%3A14%3A%22_csrf-frontend%22%3Bi%3A1%3Bs%3A32%3A%22KPhNQxA7-2Y-hJgiaxH4neTxYvLXWzNV%22%3B%7D'
    'HTTP_ACCEPT_LANGUAGE' => 'en-US,en;q=0.9'
    'HTTP_ACCEPT_ENCODING' => 'gzip, deflate, br'
    'HTTP_ACCEPT' => '*/*'
    'HTTP_CONTENT_TYPE' => 'application/x-www-form-urlencoded; charset=UTF-8'
    'HTTP_CONTENT_LENGTH' => '55'
    'HTTP_CONNECTION' => 'keep-alive'
    'FCGI_ROLE' => 'RESPONDER'
    'PHP_SELF' => '/index.php'
    'REQUEST_TIME_FLOAT' => 1649104390.3755
    'REQUEST_TIME' => 1649104390
    'NAV_USERNAME' => 'SVC-HRMISADMIN'
    'NAV_PASSWORD' => 'j$8f!M9X(Wv2ZJ/='
    'NAV_SERVER' => 'keklf-hrm52'
    'WS_PORT' => '7047'
    'NAV_INSTANCE' => 'BC140'
    'NAV_COMPANY' => 'KWTRP%20LIVE'
    'NAV_DB_PREFIX' => 'KWTRP LIVE$'
    'FMS_SERVER' => 'keklf-fin05.kwtrp.org'
    'FMS_WS_PORT' => '7047'
    'FMS_INSTANCE' => 'FmsLIVE'
    'FMS_COMPANY' => 'KEMRI%20Wellcome%20Trust'
    'AD_PREFIX' => 'KWTRP'
    'AD_SERVER' => 'KEKLF-ADS03'
    'GENRAL_TITLE' => 'Employee - Self Service'
    'WELCOME_TEXT' => 'KEMRI WELLCOME TRUST ESS - DEV'
    'CLIENT_COMPANY' => 'KEMRI WELLCOME TRUST'
    'DEMO_COMPANY' => 'IANSOFT LTD'
    'VENDOR_COMPANY' => 'IANSOFT TECHNOLOGIES LTD'
    'POWERED' => 'Iansoft Ltd'
    'DB_INSTANCE' => 'KEKLF-SQL55\\POWERPIVOT'
    'DB_NAME' => 'KEMRI_HRMIS_UAT'
    'DB_USER' => 'ess'
    'DB_PWD' => 'ess123'
]
2022-04-04 20:34:32 [::1][KWTRP\SVC-HRMCN03][1buhltnkevch55vo3c77d4u44g][error][yii\base\ErrorException:8] yii\base\ErrorException: Undefined index: GrievanceWitnesses in C:\inetpub\wwwroot\KEMRI-PHASE-II\common\Library\Navhelper.php:116
Stack trace:
#0 C:\inetpub\wwwroot\KEMRI-PHASE-II\common\Library\Navhelper.php(116): yii\base\ErrorHandler->handleError()
#1 C:\inetpub\wwwroot\KEMRI-PHASE-II\frontend\controllers\grievanceController.php(601): common\library\Navhelper->readByKey()
#2 [internal function]: frontend\controllers\GrievanceController->actionCommit()
#3 C:\inetpub\wwwroot\KEMRI-PHASE-II\vendor\yiisoft\yii2\base\InlineAction.php(57): call_user_func_array()
#4 C:\inetpub\wwwroot\KEMRI-PHASE-II\vendor\yiisoft\yii2\base\Controller.php(181): yii\base\InlineAction->runWithParams()
#5 C:\inetpub\wwwroot\KEMRI-PHASE-II\vendor\yiisoft\yii2\base\Module.php(534): yii\base\Controller->runAction()
#6 C:\inetpub\wwwroot\KEMRI-PHASE-II\vendor\yiisoft\yii2\web\Application.php(104): yii\base\Module->runAction()
#7 C:\inetpub\wwwroot\KEMRI-PHASE-II\vendor\yiisoft\yii2\base\Application.php(392): yii\web\Application->handleRequest()
#8 C:\inetpub\wwwroot\KEMRI-PHASE-II\frontend\web\index.php(17): yii\base\Application->run()
#9 {main}
2022-04-04 20:34:32 [::1][KWTRP\SVC-HRMCN03][1buhltnkevch55vo3c77d4u44g][info][application] $_GET = []

$_POST = [
    'name' => 'Employee_No'
    'service' => 'GrievanceWitnesses'
    'value' => '50066'
]

$_FILES = []

$_COOKIE = [
    'PHPSESSID' => 's259g7es10ivjqpsm7rl3mmfpt'
    '_csrf' => 'e93c018422681712f17c93aa023aa542241078cbfae2862430d5f0aad0d8f2a6a:2:{i:0;s:5:\"_csrf\";i:1;s:32:\"KPAt49exymBOWme7_ybuEF0RtwYsYCIj\";}'
    'advanced-frontend' => '1buhltnkevch55vo3c77d4u44g'
    '_csrf-frontend' => '99dae4c0de8251412304f738a9e34fcd993b9a5fdcc5915ba102808d4f47fbc5a:2:{i:0;s:14:\"_csrf-frontend\";i:1;s:32:\"KPhNQxA7-2Y-hJgiaxH4neTxYvLXWzNV\";}'
]

$_SESSION = [
    '__flash' => []
    '__returnUrl' => 'http://localhost/grievance'
    'IdentityPassword' => '@francis123'
    'REQUISITION_NO' => 'JREQ-0000104'
    '__id' => 'KWTRP\\SVC-HRMCN03'
    '__expire' => 1649108072
]

$_SERVER = [
    '_FCGI_X_PIPE_' => '\\\\.\\pipe\\IISFCGI-2c978ce9-2013-4d35-a4da-a4830af61f5e'
    'ALLUSERSPROFILE' => 'C:\\ProgramData'
    'APPDATA' => 'C:\\Windows\\system32\\config\\systemprofile\\AppData\\Roaming'
    'APP_POOL_CONFIG' => 'C:\\inetpub\\temp\\apppools\\UAT\\UAT.config'
    'APP_POOL_ID' => 'UAT'
    'CommonProgramFiles' => 'C:\\Program Files\\Common Files'
    'CommonProgramFiles(x86)' => 'C:\\Program Files (x86)\\Common Files'
    'CommonProgramW6432' => 'C:\\Program Files\\Common Files'
    'COMPUTERNAME' => 'KEKLF-HRM52'
    'ComSpec' => 'C:\\Windows\\system32\\cmd.exe'
    'DriverData' => 'C:\\Windows\\System32\\Drivers\\DriverData'
    'LOCALAPPDATA' => 'C:\\Windows\\system32\\config\\systemprofile\\AppData\\Local'
    'NUMBER_OF_PROCESSORS' => '4'
    'OS' => 'Windows_NT'
    'Path' => 'C:\\Windows\\system32;C:\\Windows;C:\\Windows\\System32\\Wbem;C:\\Windows\\System32\\WindowsPowerShell\\v1.0\\;C:\\Windows\\System32\\OpenSSH\\;C:\\Program Files\\Microsoft SQL Server\\Client SDK\\ODBC\\130\\Tools\\Binn\\;C:\\Program Files (x86)\\Microsoft SQL Server\\130\\Tools\\Binn\\;C:\\Program Files\\Microsoft SQL Server\\130\\Tools\\Binn\\;C:\\Program Files\\Microsoft SQL Server\\130\\DTS\\Binn\\;C:\\Program Files\\dotnet\\;C:\\Program Files (x86)\\dotnet\\;C:\\php-7.4;C:\\composer;C:\\Program Files\\Git\\cmd;C:\\Program Files\\Microsoft\\Web Platform Installer\\;C:\\Program Files (x86)\\GnuWin32\\bin;C:\\Program Files\\nodejs\\;C:\\Windows\\system32\\config\\systemprofile\\AppData\\Local\\Microsoft\\WindowsApps'
    'PATHEXT' => '.COM;.EXE;.BAT;.CMD;.VBS;.VBE;.JS;.JSE;.WSF;.WSH;.MSC'
    'PROCESSOR_ARCHITECTURE' => 'AMD64'
    'PROCESSOR_IDENTIFIER' => 'Intel64 Family 6 Model 62 Stepping 4, GenuineIntel'
    'PROCESSOR_LEVEL' => '6'
    'PROCESSOR_REVISION' => '3e04'
    'ProgramData' => 'C:\\ProgramData'
    'ProgramFiles' => 'C:\\Program Files'
    'ProgramFiles(x86)' => 'C:\\Program Files (x86)'
    'ProgramW6432' => 'C:\\Program Files'
    'PSModulePath' => 'C:\\Program Files\\WindowsPowerShell\\Modules;C:\\Windows\\system32\\WindowsPowerShell\\v1.0\\Modules;C:\\Program Files (x86)\\Microsoft SQL Server\\130\\Tools\\PowerShell\\Modules\\;C:\\Program Files\\Microsoft Dynamics 365 Business Central\\140\\Web Client\\Modules'
    'PUBLIC' => 'C:\\Users\\Public'
    'SystemDrive' => 'C:'
    'SystemRoot' => 'C:\\Windows'
    'TEMP' => 'C:\\Windows\\TEMP'
    'TMP' => 'C:\\Windows\\TEMP'
    'UATDATA' => 'C:\\Windows\\CCM\\UATData\\D9F8C395-CAB8-491d-B8AC-179A1FE1BE77'
    'USERDOMAIN' => 'KWTRP'
    'USERNAME' => 'KEKLF-HRM52$'
    'USERPROFILE' => 'C:\\Windows\\system32\\config\\systemprofile'
    'windir' => 'C:\\Windows'
    'ORIG_PATH_INFO' => '/index.php'
    'URL' => '/index.php'
    'SERVER_SOFTWARE' => 'Microsoft-IIS/10.0'
    'SERVER_PROTOCOL' => 'HTTP/1.1'
    'SERVER_PORT_SECURE' => '0'
    'SERVER_PORT' => '80'
    'SERVER_NAME' => 'localhost'
    'SCRIPT_NAME' => '/index.php'
    'SCRIPT_FILENAME' => 'C:\\inetpub\\wwwroot\\KEMRI-PHASE-II\\frontend\\web\\index.php'
    'REQUEST_URI' => '/grievance/commit'
    'REQUEST_METHOD' => 'POST'
    'REMOTE_USER' => ''
    'REMOTE_PORT' => '49726'
    'REMOTE_HOST' => '::1'
    'REMOTE_ADDR' => '::1'
    'QUERY_STRING' => ''
    'PATH_TRANSLATED' => 'C:\\inetpub\\wwwroot\\KEMRI-PHASE-II\\frontend\\web\\index.php'
    'LOGON_USER' => ''
    'LOCAL_ADDR' => '::1'
    'INSTANCE_META_PATH' => '/LM/W3SVC/4'
    'INSTANCE_NAME' => 'UAT'
    'INSTANCE_ID' => '4'
    'HTTPS_SERVER_SUBJECT' => ''
    'HTTPS_SERVER_ISSUER' => ''
    'HTTPS_SECRETKEYSIZE' => ''
    'HTTPS_KEYSIZE' => ''
    'HTTPS' => 'off'
    'GATEWAY_INTERFACE' => 'CGI/1.1'
    'DOCUMENT_ROOT' => 'C:\\inetpub\\wwwroot\\KEMRI-PHASE-II\\frontend\\web'
    'CONTENT_TYPE' => 'application/x-www-form-urlencoded; charset=UTF-8'
    'CONTENT_LENGTH' => '55'
    'CERT_SUBJECT' => ''
    'CERT_SERIALNUMBER' => ''
    'CERT_ISSUER' => ''
    'CERT_FLAGS' => ''
    'CERT_COOKIE' => ''
    'AUTH_USER' => ''
    'AUTH_PASSWORD' => ''
    'AUTH_TYPE' => ''
    'APPL_PHYSICAL_PATH' => 'C:\\inetpub\\wwwroot\\KEMRI-PHASE-II\\frontend\\web\\'
    'APPL_MD_PATH' => '/LM/W3SVC/4/ROOT'
    'IIS_UrlRewriteModule' => '7.1.1952.0'
    'WEBSOCKET_VERSION' => '13'
    'UNENCODED_URL' => '/grievance/commit'
    'IIS_WasUrlRewritten' => '1'
    'HTTP_X_ORIGINAL_URL' => '/grievance/commit'
    'HTTP_SEC_FETCH_DEST' => 'empty'
    'HTTP_SEC_FETCH_MODE' => 'cors'
    'HTTP_SEC_FETCH_SITE' => 'same-origin'
    'HTTP_ORIGIN' => 'http://localhost'
    'HTTP_SEC_GPC' => '1'
    'HTTP_X_REQUESTED_WITH' => 'XMLHttpRequest'
    'HTTP_X_CSRF_TOKEN' => 'NklV4YBxEjatPdivECSyZ471Bgnlns4kbfHeSkBTHdZ9GT2v0QlTAYAPgYJ4btUO741OPYv7mlw0h5ISFylTgA=='
    'HTTP_USER_AGENT' => 'Mozilla/5.0 (Windows NT 10.0; Win64; x64) AppleWebKit/537.36 (KHTML, like Gecko) Chrome/98.0.4758.102 Safari/537.36'
    'HTTP_REFERER' => 'http://localhost/grievance/update?Key=32%3BhOoAAAJ7%2F0cAUgBWADAAMAAwADEANA%3D%3D8%3B148520400%3B'
    'HTTP_HOST' => 'localhost'
    'HTTP_COOKIE' => 'PHPSESSID=s259g7es10ivjqpsm7rl3mmfpt; _csrf=e93c018422681712f17c93aa023aa542241078cbfae2862430d5f0aad0d8f2a6a%3A2%3A%7Bi%3A0%3Bs%3A5%3A%22_csrf%22%3Bi%3A1%3Bs%3A32%3A%22KPAt49exymBOWme7_ybuEF0RtwYsYCIj%22%3B%7D; advanced-frontend=1buhltnkevch55vo3c77d4u44g; _csrf-frontend=99dae4c0de8251412304f738a9e34fcd993b9a5fdcc5915ba102808d4f47fbc5a%3A2%3A%7Bi%3A0%3Bs%3A14%3A%22_csrf-frontend%22%3Bi%3A1%3Bs%3A32%3A%22KPhNQxA7-2Y-hJgiaxH4neTxYvLXWzNV%22%3B%7D'
    'HTTP_ACCEPT_LANGUAGE' => 'en-US,en;q=0.9'
    'HTTP_ACCEPT_ENCODING' => 'gzip, deflate, br'
    'HTTP_ACCEPT' => '*/*'
    'HTTP_CONTENT_TYPE' => 'application/x-www-form-urlencoded; charset=UTF-8'
    'HTTP_CONTENT_LENGTH' => '55'
    'HTTP_CONNECTION' => 'keep-alive'
    'FCGI_ROLE' => 'RESPONDER'
    'PHP_SELF' => '/index.php'
    'REQUEST_TIME_FLOAT' => 1649104472.1694
    'REQUEST_TIME' => 1649104472
    'NAV_USERNAME' => 'SVC-HRMISADMIN'
    'NAV_PASSWORD' => 'j$8f!M9X(Wv2ZJ/='
    'NAV_SERVER' => 'keklf-hrm52'
    'WS_PORT' => '7047'
    'NAV_INSTANCE' => 'BC140'
    'NAV_COMPANY' => 'KWTRP%20LIVE'
    'NAV_DB_PREFIX' => 'KWTRP LIVE$'
    'FMS_SERVER' => 'keklf-fin05.kwtrp.org'
    'FMS_WS_PORT' => '7047'
    'FMS_INSTANCE' => 'FmsLIVE'
    'FMS_COMPANY' => 'KEMRI%20Wellcome%20Trust'
    'AD_PREFIX' => 'KWTRP'
    'AD_SERVER' => 'KEKLF-ADS03'
    'GENRAL_TITLE' => 'Employee - Self Service'
    'WELCOME_TEXT' => 'KEMRI WELLCOME TRUST ESS - DEV'
    'CLIENT_COMPANY' => 'KEMRI WELLCOME TRUST'
    'DEMO_COMPANY' => 'IANSOFT LTD'
    'VENDOR_COMPANY' => 'IANSOFT TECHNOLOGIES LTD'
    'POWERED' => 'Iansoft Ltd'
    'DB_INSTANCE' => 'KEKLF-SQL55\\POWERPIVOT'
    'DB_NAME' => 'KEMRI_HRMIS_UAT'
    'DB_USER' => 'ess'
    'DB_PWD' => 'ess123'
]
